<?xml version="1.0" encoding="UTF-8"?>
<coverage generated="1789483515223" clover="3.2.0">
  <project timestamp="1789483515223" name="All files">
    <metrics statements="383" coveredstatements="354" conditionals="284" coveredconditionals="240" methods="159" coveredmethods="138" elements="826" coveredelements="732" complexity="0" loc="383" ncloc="383" packages="2" files="11" classes="11"/>
    <package name="datos">
      <metrics statements="89" coveredstatements="78" conditionals="53" coveredconditionals="50" methods="27" coveredmethods="26"/>
      <file name="backup.ts" path="/home/user/Finanzas/src/datos/backup.ts">
        <metrics statements="34" coveredstatements="23" conditionals="20" coveredconditionals="17" methods="7" coveredmethods="6"/>
        <line num="20" count="9" type="stmt"/>
        <line num="28" count="1" type="stmt"/>
        <line num="33" count="0" type="stmt"/>
        <line num="34" count="0" type="stmt"/>
        <line num="35" count="0" type="stmt"/>
        <line num="37" count="0" type="stmt"/>
        <line num="38" count="0" type="stmt"/>
        <line num="39" count="0" type="stmt"/>
        <line num="40" count="0" type="stmt"/>
        <line num="41" count="0" type="stmt"/>
        <line num="42" count="0" type="stmt"/>
        <line num="43" count="0" type="stmt"/>
        <line num="59" count="20" type="stmt"/>
        <line num="60" count="4" type="stmt"/>
        <line num="85" count="10" type="stmt"/>
        <line num="86" count="10" type="stmt"/>
        <line num="88" count="2" type="stmt"/>
        <line num="91" count="8" type="cond" truecount="3" falsecount="1"/>
        <line num="92" count="0" type="stmt"/>
        <line num="95" count="8" type="stmt"/>
        <line num="96" count="8" type="cond" truecount="2" falsecount="0"/>
        <line num="97" count="1" type="stmt"/>
        <line num="99" count="7" type="cond" truecount="2" falsecount="0"/>
        <line num="100" count="1" type="stmt"/>
        <line num="106" count="6" type="stmt"/>
        <line num="107" count="6" type="cond" truecount="2" falsecount="0"/>
        <line num="108" count="3" type="stmt"/>
        <line num="109" count="3" type="cond" truecount="1" falsecount="1"/>
        <line num="110" count="3" type="cond" truecount="1" falsecount="1"/>
        <line num="113" count="3" type="stmt"/>
        <line num="117" count="1" type="stmt"/>
        <line num="130" count="4" type="cond" truecount="2" falsecount="0"/>
        <line num="131" count="3" type="cond" truecount="2" falsecount="0"/>
        <line num="132" count="2" type="stmt"/>
      </file>
      <file name="db.ts" path="/home/user/Finanzas/src/datos/db.ts">
        <metrics statements="2" coveredstatements="2" conditionals="1" coveredconditionals="1" methods="1" coveredmethods="1"/>
        <line num="37" count="15" type="stmt"/>
        <line num="42" count="15" type="stmt"/>
      </file>
      <file name="repositorio.ts" path="/home/user/Finanzas/src/datos/repositorio.ts">
        <metrics statements="50" coveredstatements="50" conditionals="32" coveredconditionals="32" methods="17" coveredmethods="17"/>
        <line num="9" count="3" type="stmt"/>
        <line num="39" count="15" type="stmt"/>
        <line num="44" count="26" type="stmt"/>
        <line num="56" count="26" type="stmt"/>
        <line num="57" count="26" type="stmt"/>
        <line num="65" count="26" type="cond" truecount="2" falsecount="0"/>
        <line num="66" count="25" type="stmt"/>
        <line num="70" count="7" type="cond" truecount="2" falsecount="0"/>
        <line num="71" count="6" type="stmt"/>
        <line num="75" count="9" type="stmt"/>
        <line num="79" count="4" type="stmt"/>
        <line num="80" count="36" type="stmt"/>
        <line num="81" count="4" type="stmt"/>
        <line num="82" count="32" type="stmt"/>
        <line num="83" count="32" type="cond" truecount="2" falsecount="0"/>
        <line num="85" count="4" type="stmt"/>
        <line num="90" count="2" type="stmt"/>
        <line num="91" count="18" type="stmt"/>
        <line num="107" count="11" type="stmt"/>
        <line num="109" count="11" type="cond" truecount="2" falsecount="0"/>
        <line num="111" count="9" type="cond" truecount="2" falsecount="0"/>
        <line num="113" count="1" type="stmt"/>
        <line num="114" count="1" type="stmt"/>
        <line num="115" count="1" type="stmt"/>
        <line num="118" count="8" type="stmt"/>
        <line num="119" count="8" type="stmt"/>
        <line num="121" count="8" type="stmt"/>
        <line num="122" count="8" type="stmt"/>
        <line num="124" count="8" type="stmt"/>
        <line num="132" count="3" type="cond" truecount="2" falsecount="0"/>
        <line num="133" count="1" type="stmt"/>
        <line num="134" count="8" type="stmt"/>
        <line num="135" count="8" type="cond" truecount="4" falsecount="0"/>
        <line num="136" count="1" type="stmt"/>
        <line num="141" count="3" type="stmt"/>
        <line num="142" count="24" type="stmt"/>
        <line num="143" count="24" type="cond" truecount="4" falsecount="0"/>
        <line num="149" count="5" type="stmt"/>
        <line num="151" count="5" type="stmt"/>
        <line num="152" count="40" type="stmt"/>
        <line num="153" count="40" type="cond" truecount="4" falsecount="0"/>
        <line num="154" count="4" type="stmt"/>
        <line num="155" count="3" type="stmt"/>
        <line num="156" count="5" type="cond" truecount="2" falsecount="0"/>
        <line num="160" count="40" type="stmt"/>
        <line num="161" count="40" type="cond" truecount="4" falsecount="0"/>
        <line num="162" count="7" type="stmt"/>
        <line num="163" count="7" type="stmt"/>
        <line num="164" count="12" type="stmt"/>
        <line num="169" count="5" type="stmt"/>
      </file>
      <file name="semilla.ts" path="/home/user/Finanzas/src/datos/semilla.ts">
        <metrics statements="3" coveredstatements="3" conditionals="0" coveredconditionals="0" methods="2" coveredmethods="2"/>
        <line num="20" count="3" type="stmt"/>
        <line num="63" count="3" type="stmt"/>
        <line num="66" count="200" type="stmt"/>
      </file>
    </package>
    <package name="dominio">
      <metrics statements="294" coveredstatements="276" conditionals="231" coveredconditionals="190" methods="132" coveredmethods="112"/>
      <file name="calculos.ts" path="/home/user/Finanzas/src/dominio/calculos.ts">
        <metrics statements="87" coveredstatements="82" conditionals="70" coveredconditionals="58" methods="56" coveredmethods="47"/>
        <line num="39" count="148" type="stmt"/>
        <line num="40" count="78" type="cond" truecount="2" falsecount="0"/>
        <line num="42" count="77" type="stmt"/>
        <line num="43" count="77" type="stmt"/>
        <line num="44" count="298" type="cond" truecount="4" falsecount="0"/>
        <line num="45" count="247" type="cond" truecount="2" falsecount="0"/>
        <line num="46" count="100" type="cond" truecount="2" falsecount="0"/>
        <line num="47" count="77" type="stmt"/>
        <line num="49" count="247" type="cond" truecount="4" falsecount="0"/>
        <line num="50" count="42" type="stmt"/>
        <line num="53" count="77" type="stmt"/>
        <line num="64" count="121" type="stmt"/>
        <line num="65" count="63" type="cond" truecount="1" falsecount="1"/>
        <line num="67" count="63" type="cond" truecount="2" falsecount="0"/>
        <line num="68" count="10" type="stmt"/>
        <line num="69" count="10" type="cond" truecount="2" falsecount="0"/>
        <line num="71" count="56" type="stmt"/>
        <line num="75" count="10" type="stmt"/>
        <line num="76" count="13" type="cond" truecount="2" falsecount="1"/>
        <line num="77" count="8" type="stmt"/>
        <line num="88" count="25" type="stmt"/>
        <line num="89" count="64" type="stmt"/>
        <line num="98" count="3" type="stmt"/>
        <line num="99" count="1" type="cond" truecount="1" falsecount="1"/>
        <line num="101" count="1" type="stmt"/>
        <line num="102" count="1" type="stmt"/>
        <line num="103" count="1" type="stmt"/>
        <line num="104" count="1" type="stmt"/>
        <line num="111" count="19" type="stmt"/>
        <line num="112" count="57" type="cond" truecount="2" falsecount="0"/>
        <line num="118" count="14" type="stmt"/>
        <line num="119" count="46" type="cond" truecount="2" falsecount="0"/>
        <line num="125" count="7" type="stmt"/>
        <line num="136" count="6" type="stmt"/>
        <line num="137" count="6" type="stmt"/>
        <line num="149" count="4" type="stmt"/>
        <line num="150" count="4" type="stmt"/>
        <line num="151" count="4" type="stmt"/>
        <line num="152" count="4" type="stmt"/>
        <line num="157" count="4" type="stmt"/>
        <line num="162" count="12" type="stmt"/>
        <line num="172" count="5" type="stmt"/>
        <line num="173" count="5" type="stmt"/>
        <line num="174" count="13" type="cond" truecount="2" falsecount="0"/>
        <line num="176" count="5" type="stmt"/>
        <line num="192" count="2" type="stmt"/>
        <line num="193" count="2" type="stmt"/>
        <line num="195" count="2" type="stmt"/>
        <line num="196" count="5" type="cond" truecount="5" falsecount="0"/>
        <line num="197" count="5" type="stmt"/>
        <line num="198" count="3" type="cond" truecount="2" falsecount="0"/>
        <line num="199" count="5" type="cond" truecount="2" falsecount="0"/>
        <line num="202" count="2" type="stmt"/>
        <line num="204" count="5" type="stmt"/>
        <line num="205" count="3" type="cond" truecount="1" falsecount="1"/>
        <line num="207" count="3" type="stmt"/>
        <line num="208" count="1" type="stmt"/>
        <line num="224" count="8" type="cond" truecount="2" falsecount="0"/>
        <line num="225" count="4" type="cond" truecount="4" falsecount="0"/>
        <line num="249" count="7" type="stmt"/>
        <line num="250" count="5" type="cond" truecount="1" falsecount="1"/>
        <line num="252" count="5" type="stmt"/>
        <line num="253" count="5" type="stmt"/>
        <line num="255" count="10" type="cond" truecount="4" falsecount="0"/>
        <line num="256" count="6" type="stmt"/>
        <line num="259" count="5" type="stmt"/>
        <line num="272" count="2" type="stmt"/>
        <line num="273" count="1" type="stmt"/>
        <line num="275" count="2" type="stmt"/>
        <line num="276" count="2" type="cond" truecount="1" falsecount="1"/>
        <line num="278" count="2" type="stmt"/>
        <line num="279" count="1" type="cond" truecount="2" falsecount="2"/>
        <line num="307" count="11" type="stmt"/>
        <line num="308" count="17" type="stmt"/>
        <line num="310" count="11" type="stmt"/>
        <line num="312" count="11" type="stmt"/>
        <line num="313" count="11" type="stmt"/>
        <line num="314" count="11" type="cond" truecount="2" falsecount="0"/>
        <line num="315" count="4" type="stmt"/>
        <line num="316" count="4" type="cond" truecount="4" falsecount="0"/>
        <line num="317" count="3" type="stmt"/>
        <line num="321" count="11" type="stmt"/>
        <line num="336" count="0" type="stmt"/>
        <line num="337" count="0" type="stmt"/>
        <line num="338" count="0" type="cond" truecount="0" falsecount="2"/>
        <line num="342" count="0" type="stmt"/>
        <line num="346" count="0" type="cond" truecount="0" falsecount="2"/>
      </file>
      <file name="dinero.ts" path="/home/user/Finanzas/src/dominio/dinero.ts">
        <metrics statements="45" coveredstatements="43" conditionals="58" coveredconditionals="47" methods="11" coveredmethods="10"/>
        <line num="22" count="2" type="stmt"/>
        <line num="27" count="7" type="stmt"/>
        <line num="46" count="27" type="cond" truecount="1" falsecount="1"/>
        <line num="48" count="27" type="stmt"/>
        <line num="49" count="27" type="cond" truecount="2" falsecount="0"/>
        <line num="51" count="26" type="stmt"/>
        <line num="52" count="26" type="cond" truecount="2" falsecount="0"/>
        <line num="53" count="2" type="stmt"/>
        <line num="54" count="2" type="stmt"/>
        <line num="55" count="24" type="cond" truecount="2" falsecount="0"/>
        <line num="56" count="1" type="stmt"/>
        <line num="59" count="26" type="cond" truecount="2" falsecount="0"/>
        <line num="62" count="25" type="cond" truecount="2" falsecount="0"/>
        <line num="64" count="20" type="cond" truecount="3" falsecount="1"/>
        <line num="65" count="19" type="stmt"/>
        <line num="67" count="5" type="cond" truecount="2" falsecount="0"/>
        <line num="68" count="5" type="cond" truecount="2" falsecount="0"/>
        <line num="69" count="1" type="stmt"/>
        <line num="70" count="4" type="cond" truecount="4" falsecount="0"/>
        <line num="71" count="1" type="stmt"/>
        <line num="74" count="3" type="cond" truecount="2" falsecount="0"/>
        <line num="75" count="2" type="stmt"/>
        <line num="79" count="23" type="cond" truecount="1" falsecount="0"/>
        <line num="80" count="23" type="cond" truecount="2" falsecount="2"/>
        <line num="81" count="23" type="cond" truecount="3" falsecount="1"/>
        <line num="82" count="23" type="cond" truecount="2" falsecount="0"/>
        <line num="84" count="22" type="cond" truecount="2" falsecount="2"/>
        <line num="85" count="27" type="cond" truecount="1" falsecount="1"/>
        <line num="87" count="22" type="cond" truecount="2" falsecount="0"/>
        <line num="90" count="5" type="stmt"/>
        <line num="95" count="5" type="stmt"/>
        <line num="109" count="7" type="cond" truecount="2" falsecount="0"/>
        <line num="110" count="7" type="stmt"/>
        <line num="115" count="0" type="cond" truecount="0" falsecount="2"/>
        <line num="116" count="0" type="stmt"/>
        <line num="128" count="13" type="cond" truecount="2" falsecount="0"/>
        <line num="129" count="13" type="stmt"/>
        <line num="130" count="13" type="stmt"/>
        <line num="135" count="1118" type="stmt"/>
        <line num="144" count="32" type="cond" truecount="2" falsecount="0"/>
        <line num="145" count="28" type="stmt"/>
        <line num="150" count="2" type="cond" truecount="1" falsecount="1"/>
        <line num="151" count="2" type="stmt"/>
        <line num="152" count="2" type="stmt"/>
        <line num="153" count="10" type="cond" truecount="2" falsecount="0"/>
      </file>
      <file name="esquemas.ts" path="/home/user/Finanzas/src/dominio/esquemas.ts">
        <metrics statements="27" coveredstatements="27" conditionals="22" coveredconditionals="20" methods="11" coveredmethods="11"/>
        <line num="13" count="2" type="stmt"/>
        <line num="14" count="2" type="stmt"/>
        <line num="17" count="2" type="stmt"/>
        <line num="23" count="2" type="stmt"/>
        <line num="25" count="2" type="stmt"/>
        <line num="35" count="2" type="stmt"/>
        <line num="42" count="2" type="stmt"/>
        <line num="56" count="39" type="cond" truecount="2" falsecount="0"/>
        <line num="60" count="39" type="cond" truecount="2" falsecount="0"/>
        <line num="66" count="39" type="cond" truecount="2" falsecount="0"/>
        <line num="70" count="39" type="cond" truecount="2" falsecount="0"/>
        <line num="74" count="39" type="cond" truecount="2" falsecount="0"/>
        <line num="79" count="2" type="stmt"/>
        <line num="90" count="2" type="stmt"/>
        <line num="97" count="2" type="stmt"/>
        <line num="105" count="2" type="stmt"/>
        <line num="117" count="2" type="stmt"/>
        <line num="135" count="16" type="cond" truecount="1" falsecount="1"/>
        <line num="139" count="16" type="cond" truecount="1" falsecount="1"/>
        <line num="143" count="16" type="cond" truecount="2" falsecount="0"/>
        <line num="147" count="16" type="cond" truecount="2" falsecount="0"/>
        <line num="151" count="16" type="cond" truecount="2" falsecount="0"/>
        <line num="155" count="16" type="cond" truecount="2" falsecount="0"/>
        <line num="160" count="2" type="stmt"/>
        <line num="169" count="2" type="stmt"/>
        <line num="182" count="2" type="stmt"/>
        <line num="184" count="2" type="stmt"/>
      </file>
      <file name="fechas.ts" path="/home/user/Finanzas/src/dominio/fechas.ts">
        <metrics statements="41" coveredstatements="36" conditionals="20" coveredconditionals="18" methods="22" coveredmethods="19"/>
        <line num="21" count="373" type="stmt"/>
        <line num="25" count="90" type="stmt"/>
        <line num="26" count="90" type="stmt"/>
        <line num="31" count="2" type="stmt"/>
        <line num="32" count="2" type="stmt"/>
        <line num="37" count="0" type="stmt"/>
        <line num="42" count="115" type="stmt"/>
        <line num="47" count="76" type="stmt"/>
        <line num="52" count="6" type="cond" truecount="3" falsecount="1"/>
        <line num="53" count="6" type="cond" truecount="4" falsecount="0"/>
        <line num="54" count="5" type="stmt"/>
        <line num="58" count="115" type="cond" truecount="2" falsecount="0"/>
        <line num="59" count="112" type="stmt"/>
        <line num="60" count="112" type="cond" truecount="4" falsecount="0"/>
        <line num="61" count="110" type="cond" truecount="2" falsecount="0"/>
        <line num="65" count="6" type="cond" truecount="1" falsecount="1"/>
        <line num="66" count="6" type="stmt"/>
        <line num="67" count="6" type="cond" truecount="2" falsecount="0"/>
        <line num="72" count="233" type="stmt"/>
        <line num="77" count="29" type="stmt"/>
        <line num="78" count="29" type="stmt"/>
        <line num="83" count="12" type="stmt"/>
        <line num="87" count="166" type="stmt"/>
        <line num="91" count="38" type="stmt"/>
        <line num="96" count="123" type="stmt"/>
        <line num="97" count="123" type="stmt"/>
        <line num="98" count="123" type="stmt"/>
        <line num="103" count="31" type="stmt"/>
        <line num="104" count="31" type="stmt"/>
        <line num="105" count="31" type="stmt"/>
        <line num="113" count="20" type="stmt"/>
        <line num="116" count="7" type="stmt"/>
        <line num="123" count="2" type="stmt"/>
        <line num="124" count="2" type="stmt"/>
        <line num="129" count="0" type="stmt"/>
        <line num="130" count="0" type="stmt"/>
        <line num="135" count="0" type="stmt"/>
        <line num="136" count="0" type="stmt"/>
        <line num="141" count="7" type="stmt"/>
        <line num="142" count="7" type="stmt"/>
        <line num="143" count="7" type="stmt"/>
      </file>
      <file name="integridad.ts" path="/home/user/Finanzas/src/dominio/integridad.ts">
        <metrics statements="36" coveredstatements="30" conditionals="18" coveredconditionals="11" methods="25" coveredmethods="18"/>
        <line num="37" count="8" type="stmt"/>
        <line num="48" count="3" type="stmt"/>
        <line num="51" count="3" type="stmt"/>
        <line num="52" count="2" type="stmt"/>
        <line num="68" count="3" type="cond" truecount="2" falsecount="0"/>
        <line num="69" count="1" type="stmt"/>
        <line num="71" count="5" type="stmt"/>
        <line num="72" count="2" type="cond" truecount="1" falsecount="1"/>
        <line num="73" count="0" type="stmt"/>
        <line num="76" count="2" type="stmt"/>
        <line num="78" count="5" type="stmt"/>
        <line num="81" count="2" type="stmt"/>
        <line num="82" count="3" type="cond" truecount="2" falsecount="0"/>
        <line num="83" count="2" type="stmt"/>
        <line num="85" count="2" type="stmt"/>
        <line num="86" count="0" type="cond" truecount="0" falsecount="2"/>
        <line num="87" count="0" type="stmt"/>
        <line num="89" count="2" type="stmt"/>
        <line num="93" count="0" type="stmt"/>
        <line num="107" count="3" type="stmt"/>
        <line num="108" count="2" type="cond" truecount="2" falsecount="0"/>
        <line num="111" count="3" type="cond" truecount="2" falsecount="0"/>
        <line num="112" count="2" type="stmt"/>
        <line num="118" count="1" type="stmt"/>
        <line num="119" count="0" type="cond" truecount="0" falsecount="2"/>
        <line num="121" count="1" type="cond" truecount="1" falsecount="1"/>
        <line num="122" count="0" type="stmt"/>
        <line num="128" count="1" type="stmt"/>
        <line num="133" count="2" type="stmt"/>
        <line num="135" count="4" type="stmt"/>
        <line num="147" count="2" type="stmt"/>
        <line num="148" count="3" type="stmt"/>
        <line num="150" count="3" type="stmt"/>
        <line num="151" count="3" type="stmt"/>
        <line num="152" count="3" type="stmt"/>
        <line num="155" count="2" type="stmt"/>
      </file>
      <file name="recurrentes.ts" path="/home/user/Finanzas/src/dominio/recurrentes.ts">
        <metrics statements="53" coveredstatements="53" conditionals="43" coveredconditionals="36" methods="5" coveredmethods="5"/>
        <line num="21" count="5" type="stmt"/>
        <line num="22" count="5" type="stmt"/>
        <line num="35" count="28" type="cond" truecount="1" falsecount="1"/>
        <line num="36" count="28" type="stmt"/>
        <line num="38" count="28" type="cond" truecount="2" falsecount="0"/>
        <line num="39" count="1" type="cond" truecount="1" falsecount="1"/>
        <line num="40" count="1" type="stmt"/>
        <line num="42" count="1" type="cond" truecount="2" falsecount="0"/>
        <line num="43" count="4" type="stmt"/>
        <line num="45" count="1" type="stmt"/>
        <line num="46" count="4" type="stmt"/>
        <line num="47" count="4" type="stmt"/>
        <line num="49" count="1" type="stmt"/>
        <line num="52" count="27" type="cond" truecount="1" falsecount="1"/>
        <line num="53" count="28" type="cond" truecount="2" falsecount="0"/>
        <line num="54" count="28" type="stmt"/>
        <line num="56" count="28" type="stmt"/>
        <line num="57" count="28" type="stmt"/>
        <line num="59" count="28" type="stmt"/>
        <line num="60" count="98" type="stmt"/>
        <line num="62" count="98" type="stmt"/>
        <line num="63" count="98" type="cond" truecount="2" falsecount="0"/>
        <line num="64" count="36" type="cond" truecount="1" falsecount="1"/>
        <line num="65" count="62" type="cond" truecount="2" falsecount="0"/>
        <line num="67" count="12" type="stmt"/>
        <line num="68" count="12" type="stmt"/>
        <line num="71" count="98" type="cond" truecount="2" falsecount="0"/>
        <line num="74" count="57" type="stmt"/>
        <line num="75" count="57" type="cond" truecount="4" falsecount="0"/>
        <line num="78" count="98" type="stmt"/>
        <line num="81" count="27" type="stmt"/>
        <line num="97" count="20" type="stmt"/>
        <line num="98" count="20" type="stmt"/>
        <line num="100" count="20" type="stmt"/>
        <line num="101" count="20" type="cond" truecount="2" falsecount="0"/>
        <line num="104" count="19" type="cond" truecount="2" falsecount="0"/>
        <line num="105" count="20" type="cond" truecount="2" falsecount="0"/>
        <line num="106" count="20" type="cond" truecount="4" falsecount="0"/>
        <line num="108" count="20" type="stmt"/>
        <line num="109" count="20" type="cond" truecount="2" falsecount="0"/>
        <line num="111" count="8" type="stmt"/>
        <line num="112" count="29" type="stmt"/>
        <line num="126" count="8" type="stmt"/>
        <line num="129" count="20" type="stmt"/>
        <line num="147" count="2" type="stmt"/>
        <line num="148" count="2" type="stmt"/>
        <line num="150" count="2" type="stmt"/>
        <line num="151" count="3" type="cond" truecount="1" falsecount="1"/>
        <line num="152" count="3" type="stmt"/>
        <line num="153" count="3" type="cond" truecount="2" falsecount="2"/>
        <line num="154" count="3" type="stmt"/>
        <line num="155" count="4" type="stmt"/>
        <line num="159" count="3" type="stmt"/>
      </file>
      <file name="tipos.ts" path="/home/user/Finanzas/src/dominio/tipos.ts">
        <metrics statements="5" coveredstatements="5" conditionals="0" coveredconditionals="0" methods="2" coveredmethods="2"/>
        <line num="11" count="5" type="stmt"/>
        <line num="20" count="5" type="stmt"/>
        <line num="27" count="5" type="stmt"/>
        <line num="207" count="29" type="stmt"/>
        <line num="211" count="93" type="stmt"/>
      </file>
    </package>
  </project>
</coverage>
