{"/home/user/Finanzas/src/datos/backup.ts": {"path":"/home/user/Finanzas/src/datos/backup.ts","statementMap":{"0":{"start":{"line":20,"column":2},"end":{"line":24,"column":null}},"1":{"start":{"line":28,"column":2},"end":{"line":28,"column":null}},"2":{"start":{"line":33,"column":15},"end":{"line":33,"column":null}},"3":{"start":{"line":34,"column":15},"end":{"line":34,"column":null}},"4":{"start":{"line":35,"column":14},"end":{"line":35,"column":null}},"5":{"start":{"line":37,"column":17},"end":{"line":37,"column":null}},"6":{"start":{"line":38,"column":2},"end":{"line":38,"column":null}},"7":{"start":{"line":39,"column":2},"end":{"line":39,"column":null}},"8":{"start":{"line":40,"column":2},"end":{"line":40,"column":null}},"9":{"start":{"line":41,"column":2},"end":{"line":41,"column":null}},"10":{"start":{"line":42,"column":2},"end":{"line":42,"column":null}},"11":{"start":{"line":43,"column":2},"end":{"line":43,"column":null}},"12":{"start":{"line":59,"column":17},"end":{"line":59,"column":null}},"13":{"start":{"line":59,"column":53},"end":{"line":59,"column":60}},"14":{"start":{"line":60,"column":2},"end":{"line":69,"column":null}},"15":{"start":{"line":85,"column":2},"end":{"line":89,"column":null}},"16":{"start":{"line":86,"column":4},"end":{"line":86,"column":null}},"17":{"start":{"line":88,"column":4},"end":{"line":88,"column":null}},"18":{"start":{"line":91,"column":2},"end":{"line":93,"column":null}},"19":{"start":{"line":92,"column":4},"end":{"line":92,"column":null}},"20":{"start":{"line":95,"column":19},"end":{"line":95,"column":null}},"21":{"start":{"line":96,"column":2},"end":{"line":98,"column":null}},"22":{"start":{"line":97,"column":4},"end":{"line":97,"column":null}},"23":{"start":{"line":99,"column":2},"end":{"line":104,"column":null}},"24":{"start":{"line":100,"column":4},"end":{"line":103,"column":null}},"25":{"start":{"line":106,"column":20},"end":{"line":106,"column":null}},"26":{"start":{"line":107,"column":2},"end":{"line":111,"column":null}},"27":{"start":{"line":108,"column":20},"end":{"line":108,"column":null}},"28":{"start":{"line":109,"column":18},"end":{"line":109,"column":null}},"29":{"start":{"line":110,"column":4},"end":{"line":110,"column":null}},"30":{"start":{"line":113,"column":2},"end":{"line":113,"column":null}},"31":{"start":{"line":117,"column":32},"end":{"line":117,"column":null}},"32":{"start":{"line":130,"column":2},"end":{"line":130,"column":null}},"33":{"start":{"line":130,"column":25},"end":{"line":130,"column":null}},"34":{"start":{"line":131,"column":2},"end":{"line":131,"column":null}},"35":{"start":{"line":131,"column":34},"end":{"line":131,"column":null}},"36":{"start":{"line":132,"column":2},"end":{"line":132,"column":null}}},"fnMap":{"0":{"name":"construirCopia","decl":{"start":{"line":19,"column":16},"end":{"line":19,"column":31}},"loc":{"start":{"line":19,"column":62},"end":{"line":25,"column":null}},"line":19},"1":{"name":"nombreFicheroCopia","decl":{"start":{"line":27,"column":16},"end":{"line":27,"column":35}},"loc":{"start":{"line":27,"column":68},"end":{"line":29,"column":null}},"line":27},"2":{"name":"descargarCopia","decl":{"start":{"line":32,"column":16},"end":{"line":32,"column":31}},"loc":{"start":{"line":32,"column":61},"end":{"line":44,"column":null}},"line":32},"3":{"name":"resumirCopia","decl":{"start":{"line":58,"column":16},"end":{"line":58,"column":29}},"loc":{"start":{"line":58,"column":57},"end":{"line":70,"column":null}},"line":58},"4":{"name":"(anonymous_4)","decl":{"start":{"line":59,"column":42},"end":{"line":59,"column":47}},"loc":{"start":{"line":59,"column":53},"end":{"line":59,"column":60}},"line":59},"5":{"name":"leerCopia","decl":{"start":{"line":83,"column":16},"end":{"line":83,"column":26}},"loc":{"start":{"line":83,"column":59},"end":{"line":114,"column":null}},"line":83},"6":{"name":"necesitaCopia","decl":{"start":{"line":125,"column":16},"end":{"line":125,"column":null}},"loc":{"start":{"line":129,"column":11},"end":{"line":133,"column":null}},"line":129}},"branchMap":{"0":{"loc":{"start":{"line":27,"column":35},"end":{"line":27,"column":57}},"type":"default-arg","locations":[{"start":{"line":27,"column":53},"end":{"line":27,"column":57}}],"line":27},"1":{"loc":{"start":{"line":91,"column":2},"end":{"line":93,"column":null}},"type":"if","locations":[{"start":{"line":91,"column":2},"end":{"line":93,"column":null}},{"start":{},"end":{}}],"line":91},"2":{"loc":{"start":{"line":91,"column":6},"end":{"line":91,"column":51}},"type":"binary-expr","locations":[{"start":{"line":91,"column":6},"end":{"line":91,"column":35}},{"start":{"line":91,"column":35},"end":{"line":91,"column":51}}],"line":91},"3":{"loc":{"start":{"line":96,"column":2},"end":{"line":98,"column":null}},"type":"if","locations":[{"start":{"line":96,"column":2},"end":{"line":98,"column":null}},{"start":{},"end":{}}],"line":96},"4":{"loc":{"start":{"line":99,"column":2},"end":{"line":104,"column":null}},"type":"if","locations":[{"start":{"line":99,"column":2},"end":{"line":104,"column":null}},{"start":{},"end":{}}],"line":99},"5":{"loc":{"start":{"line":107,"column":2},"end":{"line":111,"column":null}},"type":"if","locations":[{"start":{"line":107,"column":2},"end":{"line":111,"column":null}},{"start":{},"end":{}}],"line":107},"6":{"loc":{"start":{"line":109,"column":18},"end":{"line":109,"column":null}},"type":"binary-expr","locations":[{"start":{"line":109,"column":18},"end":{"line":109,"column":45}},{"start":{"line":109,"column":45},"end":{"line":109,"column":null}}],"line":109},"7":{"loc":{"start":{"line":110,"column":62},"end":{"line":110,"column":105}},"type":"binary-expr","locations":[{"start":{"line":110,"column":62},"end":{"line":110,"column":82}},{"start":{"line":110,"column":82},"end":{"line":110,"column":105}}],"line":110},"8":{"loc":{"start":{"line":128,"column":2},"end":{"line":128,"column":27}},"type":"default-arg","locations":[{"start":{"line":128,"column":23},"end":{"line":128,"column":27}}],"line":128},"9":{"loc":{"start":{"line":130,"column":2},"end":{"line":130,"column":null}},"type":"if","locations":[{"start":{"line":130,"column":2},"end":{"line":130,"column":null}},{"start":{},"end":{}}],"line":130},"10":{"loc":{"start":{"line":131,"column":2},"end":{"line":131,"column":null}},"type":"if","locations":[{"start":{"line":131,"column":2},"end":{"line":131,"column":null}},{"start":{},"end":{}}],"line":131}},"s":{"0":9,"1":1,"2":0,"3":0,"4":0,"5":0,"6":0,"7":0,"8":0,"9":0,"10":0,"11":0,"12":4,"13":20,"14":4,"15":10,"16":10,"17":2,"18":8,"19":0,"20":8,"21":8,"22":1,"23":7,"24":1,"25":6,"26":6,"27":3,"28":3,"29":3,"30":3,"31":1,"32":4,"33":1,"34":3,"35":1,"36":2},"f":{"0":9,"1":1,"2":0,"3":4,"4":20,"5":10,"6":4},"b":{"0":[1],"1":[0,8],"2":[8,8],"3":[1,7],"4":[1,6],"5":[3,3],"6":[3,0],"7":[3,0],"8":[4],"9":[1,3],"10":[1,2]},"meta":{"lastBranch":11,"lastFunction":7,"lastStatement":37,"seen":{"f:19:16:19:31":0,"s:20:2:24:Infinity":0,"f:27:16:27:35":1,"b:27:53:27:57":0,"s:28:2:28:Infinity":1,"f:32:16:32:31":2,"s:33:15:33:Infinity":2,"s:34:15:34:Infinity":3,"s:35:14:35:Infinity":4,"s:37:17:37:Infinity":5,"s:38:2:38:Infinity":6,"s:39:2:39:Infinity":7,"s:40:2:40:Infinity":8,"s:41:2:41:Infinity":9,"s:42:2:42:Infinity":10,"s:43:2:43:Infinity":11,"f:58:16:58:29":3,"s:59:17:59:Infinity":12,"f:59:42:59:47":4,"s:59:53:59:60":13,"s:60:2:69:Infinity":14,"f:83:16:83:26":5,"s:85:2:89:Infinity":15,"s:86:4:86:Infinity":16,"s:88:4:88:Infinity":17,"b:91:2:93:Infinity:undefined:undefined:undefined:undefined":1,"s:91:2:93:Infinity":18,"b:91:6:91:35:91:35:91:51":2,"s:92:4:92:Infinity":19,"s:95:19:95:Infinity":20,"b:96:2:98:Infinity:undefined:undefined:undefined:undefined":3,"s:96:2:98:Infinity":21,"s:97:4:97:Infinity":22,"b:99:2:104:Infinity:undefined:undefined:undefined:undefined":4,"s:99:2:104:Infinity":23,"s:100:4:103:Infinity":24,"s:106:20:106:Infinity":25,"b:107:2:111:Infinity:undefined:undefined:undefined:undefined":5,"s:107:2:111:Infinity":26,"s:108:20:108:Infinity":27,"s:109:18:109:Infinity":28,"b:109:18:109:45:109:45:109:Infinity":6,"s:110:4:110:Infinity":29,"b:110:62:110:82:110:82:110:105":7,"s:113:2:113:Infinity":30,"s:117:32:117:Infinity":31,"f:125:16:125:Infinity":6,"b:128:23:128:27":8,"b:130:2:130:Infinity:undefined:undefined:undefined:undefined":9,"s:130:2:130:Infinity":32,"s:130:25:130:Infinity":33,"b:131:2:131:Infinity:undefined:undefined:undefined:undefined":10,"s:131:2:131:Infinity":34,"s:131:34:131:Infinity":35,"s:132:2:132:Infinity":36},"fnNames":{}}}
,"/home/user/Finanzas/src/datos/db.ts": {"path":"/home/user/Finanzas/src/datos/db.ts","statementMap":{"0":{"start":{"line":37,"column":4},"end":{"line":37,"column":null}},"1":{"start":{"line":42,"column":4},"end":{"line":52,"column":null}}},"fnMap":{"0":{"name":"constructor","decl":{"start":{"line":36,"column":2},"end":{"line":36,"column":14}},"loc":{"start":{"line":36,"column":35},"end":{"line":53,"column":null}},"line":36}},"branchMap":{"0":{"loc":{"start":{"line":36,"column":14},"end":{"line":36,"column":35}},"type":"default-arg","locations":[{"start":{"line":36,"column":23},"end":{"line":36,"column":35}}],"line":36}},"s":{"0":15,"1":15},"f":{"0":15},"b":{"0":[15]},"meta":{"lastBranch":1,"lastFunction":1,"lastStatement":2,"seen":{"f:36:2:36:14":0,"b:36:23:36:35":0,"s:37:4:37:Infinity":0,"s:42:4:52:Infinity":1},"fnNames":{}}}
,"/home/user/Finanzas/src/datos/repositorio.ts": {"path":"/home/user/Finanzas/src/datos/repositorio.ts","statementMap":{"0":{"start":{"line":9,"column":31},"end":{"line":18,"column":null}},"1":{"start":{"line":39,"column":2},"end":{"line":94,"column":null}},"2":{"start":{"line":44,"column":10},"end":{"line":54,"column":null}},"3":{"start":{"line":56,"column":19},"end":{"line":56,"column":31}},"4":{"start":{"line":57,"column":6},"end":{"line":61,"column":null}},"5":{"start":{"line":65,"column":6},"end":{"line":65,"column":null}},"6":{"start":{"line":65,"column":34},"end":{"line":65,"column":null}},"7":{"start":{"line":66,"column":6},"end":{"line":66,"column":null}},"8":{"start":{"line":70,"column":6},"end":{"line":70,"column":null}},"9":{"start":{"line":70,"column":28},"end":{"line":70,"column":null}},"10":{"start":{"line":71,"column":6},"end":{"line":71,"column":null}},"11":{"start":{"line":75,"column":6},"end":{"line":75,"column":null}},"12":{"start":{"line":79,"column":6},"end":{"line":86,"column":null}},"13":{"start":{"line":80,"column":8},"end":{"line":80,"column":null}},"14":{"start":{"line":80,"column":47},"end":{"line":80,"column":56}},"15":{"start":{"line":81,"column":8},"end":{"line":84,"column":null}},"16":{"start":{"line":82,"column":28},"end":{"line":82,"column":null}},"17":{"start":{"line":83,"column":10},"end":{"line":83,"column":null}},"18":{"start":{"line":83,"column":36},"end":{"line":83,"column":null}},"19":{"start":{"line":85,"column":8},"end":{"line":85,"column":null}},"20":{"start":{"line":90,"column":6},"end":{"line":92,"column":null}},"21":{"start":{"line":91,"column":8},"end":{"line":91,"column":null}},"22":{"start":{"line":91,"column":47},"end":{"line":91,"column":56}},"23":{"start":{"line":107,"column":17},"end":{"line":107,"column":null}},"24":{"start":{"line":109,"column":2},"end":{"line":109,"column":null}},"25":{"start":{"line":109,"column":44},"end":{"line":109,"column":null}},"26":{"start":{"line":111,"column":2},"end":{"line":116,"column":null}},"27":{"start":{"line":113,"column":41},"end":{"line":113,"column":null}},"28":{"start":{"line":114,"column":4},"end":{"line":114,"column":null}},"29":{"start":{"line":115,"column":4},"end":{"line":115,"column":null}},"30":{"start":{"line":118,"column":21},"end":{"line":118,"column":41}},"31":{"start":{"line":119,"column":39},"end":{"line":119,"column":null}},"32":{"start":{"line":121,"column":2},"end":{"line":121,"column":null}},"33":{"start":{"line":122,"column":2},"end":{"line":122,"column":null}},"34":{"start":{"line":124,"column":2},"end":{"line":124,"column":null}},"35":{"start":{"line":132,"column":2},"end":{"line":139,"column":null}},"36":{"start":{"line":133,"column":4},"end":{"line":138,"column":null}},"37":{"start":{"line":134,"column":24},"end":{"line":134,"column":null}},"38":{"start":{"line":135,"column":6},"end":{"line":137,"column":null}},"39":{"start":{"line":136,"column":8},"end":{"line":136,"column":null}},"40":{"start":{"line":141,"column":2},"end":{"line":144,"column":null}},"41":{"start":{"line":142,"column":16},"end":{"line":142,"column":null}},"42":{"start":{"line":143,"column":4},"end":{"line":143,"column":null}},"43":{"start":{"line":143,"column":31},"end":{"line":143,"column":null}},"44":{"start":{"line":149,"column":32},"end":{"line":149,"column":null}},"45":{"start":{"line":151,"column":2},"end":{"line":167,"column":null}},"46":{"start":{"line":152,"column":23},"end":{"line":152,"column":null}},"47":{"start":{"line":153,"column":4},"end":{"line":158,"column":null}},"48":{"start":{"line":154,"column":20},"end":{"line":154,"column":null}},"49":{"start":{"line":154,"column":50},"end":{"line":154,"column":59}},"50":{"start":{"line":155,"column":6},"end":{"line":157,"column":null}},"51":{"start":{"line":156,"column":15},"end":{"line":156,"column":null}},"52":{"start":{"line":160,"column":21},"end":{"line":160,"column":null}},"53":{"start":{"line":161,"column":4},"end":{"line":166,"column":null}},"54":{"start":{"line":162,"column":20},"end":{"line":162,"column":null}},"55":{"start":{"line":163,"column":6},"end":{"line":165,"column":null}},"56":{"start":{"line":164,"column":15},"end":{"line":164,"column":null}},"57":{"start":{"line":169,"column":2},"end":{"line":169,"column":null}}},"fnMap":{"0":{"name":"adaptadorDexie","decl":{"start":{"line":38,"column":16},"end":{"line":38,"column":31}},"loc":{"start":{"line":38,"column":65},"end":{"line":95,"column":null}},"line":38},"1":{"name":"cargar","decl":{"start":{"line":40,"column":10},"end":{"line":40,"column":19}},"loc":{"start":{"line":40,"column":19},"end":{"line":62,"column":null}},"line":40},"2":{"name":"guardar","decl":{"start":{"line":64,"column":10},"end":{"line":64,"column":18}},"loc":{"start":{"line":64,"column":36},"end":{"line":67,"column":null}},"line":64},"3":{"name":"borrar","decl":{"start":{"line":69,"column":10},"end":{"line":69,"column":17}},"loc":{"start":{"line":69,"column":29},"end":{"line":72,"column":null}},"line":69},"4":{"name":"guardarConfiguracion","decl":{"start":{"line":74,"column":10},"end":{"line":74,"column":31}},"loc":{"start":{"line":74,"column":46},"end":{"line":76,"column":null}},"line":74},"5":{"name":"reemplazarTodo","decl":{"start":{"line":78,"column":10},"end":{"line":78,"column":25}},"loc":{"start":{"line":78,"column":33},"end":{"line":87,"column":null}},"line":78},"6":{"name":"(anonymous_6)","decl":{"start":{"line":79,"column":44},"end":{"line":79,"column":56}},"loc":{"start":{"line":79,"column":56},"end":{"line":86,"column":7}},"line":79},"7":{"name":"(anonymous_7)","decl":{"start":{"line":80,"column":36},"end":{"line":80,"column":41}},"loc":{"start":{"line":80,"column":47},"end":{"line":80,"column":56}},"line":80},"8":{"name":"vaciar","decl":{"start":{"line":89,"column":10},"end":{"line":89,"column":19}},"loc":{"start":{"line":89,"column":19},"end":{"line":93,"column":null}},"line":89},"9":{"name":"(anonymous_9)","decl":{"start":{"line":90,"column":44},"end":{"line":90,"column":56}},"loc":{"start":{"line":90,"column":56},"end":{"line":92,"column":7}},"line":90},"10":{"name":"(anonymous_10)","decl":{"start":{"line":91,"column":36},"end":{"line":91,"column":41}},"loc":{"start":{"line":91,"column":47},"end":{"line":91,"column":56}},"line":91},"11":{"name":"cargarConSemilla","decl":{"start":{"line":106,"column":22},"end":{"line":106,"column":39}},"loc":{"start":{"line":106,"column":91},"end":{"line":125,"column":null}},"line":106},"12":{"name":"aplicarCascada","decl":{"start":{"line":131,"column":22},"end":{"line":131,"column":37}},"loc":{"start":{"line":131,"column":97},"end":{"line":145,"column":null}},"line":131},"13":{"name":"aplicarCascadaEnMemoria","decl":{"start":{"line":148,"column":16},"end":{"line":148,"column":40}},"loc":{"start":{"line":148,"column":98},"end":{"line":170,"column":null}},"line":148},"14":{"name":"(anonymous_14)","decl":{"start":{"line":154,"column":39},"end":{"line":154,"column":44}},"loc":{"start":{"line":154,"column":50},"end":{"line":154,"column":59}},"line":154},"15":{"name":"(anonymous_15)","decl":{"start":{"line":155,"column":61},"end":{"line":155,"column":null}},"loc":{"start":{"line":156,"column":15},"end":{"line":156,"column":null}},"line":156},"16":{"name":"(anonymous_16)","decl":{"start":{"line":163,"column":61},"end":{"line":163,"column":null}},"loc":{"start":{"line":164,"column":15},"end":{"line":164,"column":null}},"line":164}},"branchMap":{"0":{"loc":{"start":{"line":60,"column":23},"end":{"line":60,"column":null}},"type":"binary-expr","locations":[{"start":{"line":60,"column":23},"end":{"line":60,"column":45}},{"start":{"line":60,"column":45},"end":{"line":60,"column":null}}],"line":60},"1":{"loc":{"start":{"line":65,"column":6},"end":{"line":65,"column":null}},"type":"if","locations":[{"start":{"line":65,"column":6},"end":{"line":65,"column":null}},{"start":{},"end":{}}],"line":65},"2":{"loc":{"start":{"line":70,"column":6},"end":{"line":70,"column":null}},"type":"if","locations":[{"start":{"line":70,"column":6},"end":{"line":70,"column":null}},{"start":{},"end":{}}],"line":70},"3":{"loc":{"start":{"line":83,"column":10},"end":{"line":83,"column":null}},"type":"if","locations":[{"start":{"line":83,"column":10},"end":{"line":83,"column":null}},{"start":{},"end":{}}],"line":83},"4":{"loc":{"start":{"line":109,"column":2},"end":{"line":109,"column":null}},"type":"if","locations":[{"start":{"line":109,"column":2},"end":{"line":109,"column":null}},{"start":{},"end":{}}],"line":109},"5":{"loc":{"start":{"line":111,"column":2},"end":{"line":116,"column":null}},"type":"if","locations":[{"start":{"line":111,"column":2},"end":{"line":116,"column":null}},{"start":{},"end":{}}],"line":111},"6":{"loc":{"start":{"line":132,"column":2},"end":{"line":139,"column":null}},"type":"if","locations":[{"start":{"line":132,"column":2},"end":{"line":139,"column":null}},{"start":{},"end":{}}],"line":132},"7":{"loc":{"start":{"line":135,"column":6},"end":{"line":137,"column":null}},"type":"if","locations":[{"start":{"line":135,"column":6},"end":{"line":137,"column":null}},{"start":{},"end":{}}],"line":135},"8":{"loc":{"start":{"line":135,"column":10},"end":{"line":135,"column":45}},"type":"binary-expr","locations":[{"start":{"line":135,"column":10},"end":{"line":135,"column":23}},{"start":{"line":135,"column":23},"end":{"line":135,"column":45}}],"line":135},"9":{"loc":{"start":{"line":143,"column":4},"end":{"line":143,"column":null}},"type":"if","locations":[{"start":{"line":143,"column":4},"end":{"line":143,"column":null}},{"start":{},"end":{}}],"line":143},"10":{"loc":{"start":{"line":143,"column":8},"end":{"line":143,"column":31}},"type":"binary-expr","locations":[{"start":{"line":143,"column":8},"end":{"line":143,"column":15}},{"start":{"line":143,"column":15},"end":{"line":143,"column":31}}],"line":143},"11":{"loc":{"start":{"line":153,"column":4},"end":{"line":158,"column":null}},"type":"if","locations":[{"start":{"line":153,"column":4},"end":{"line":158,"column":null}},{"start":{},"end":{}}],"line":153},"12":{"loc":{"start":{"line":153,"column":8},"end":{"line":153,"column":45}},"type":"binary-expr","locations":[{"start":{"line":153,"column":8},"end":{"line":153,"column":22}},{"start":{"line":153,"column":22},"end":{"line":153,"column":45}}],"line":153},"13":{"loc":{"start":{"line":156,"column":15},"end":{"line":156,"column":null}},"type":"binary-expr","locations":[{"start":{"line":156,"column":15},"end":{"line":156,"column":34}},{"start":{"line":156,"column":34},"end":{"line":156,"column":null}}],"line":156},"14":{"loc":{"start":{"line":161,"column":4},"end":{"line":166,"column":null}},"type":"if","locations":[{"start":{"line":161,"column":4},"end":{"line":166,"column":null}},{"start":{},"end":{}}],"line":161},"15":{"loc":{"start":{"line":161,"column":8},"end":{"line":161,"column":41}},"type":"binary-expr","locations":[{"start":{"line":161,"column":8},"end":{"line":161,"column":20}},{"start":{"line":161,"column":20},"end":{"line":161,"column":41}}],"line":161}},"s":{"0":3,"1":15,"2":26,"3":26,"4":26,"5":26,"6":1,"7":25,"8":7,"9":1,"10":6,"11":9,"12":4,"13":4,"14":36,"15":4,"16":32,"17":32,"18":18,"19":4,"20":2,"21":2,"22":18,"23":11,"24":11,"25":2,"26":9,"27":1,"28":1,"29":1,"30":8,"31":8,"32":8,"33":8,"34":8,"35":3,"36":1,"37":8,"38":8,"39":1,"40":3,"41":24,"42":24,"43":5,"44":5,"45":5,"46":40,"47":40,"48":3,"49":4,"50":3,"51":5,"52":40,"53":40,"54":7,"55":7,"56":12,"57":5},"f":{"0":15,"1":26,"2":26,"3":7,"4":9,"5":4,"6":4,"7":36,"8":2,"9":2,"10":18,"11":11,"12":3,"13":5,"14":4,"15":5,"16":12},"b":{"0":[26,17],"1":[1,25],"2":[1,6],"3":[18,14],"4":[2,9],"5":[1,8],"6":[1,2],"7":[1,7],"8":[8,1],"9":[5,19],"10":[24,5],"11":[3,37],"12":[40,5],"13":[5,1],"14":[7,33],"15":[40,9]},"meta":{"lastBranch":16,"lastFunction":17,"lastStatement":58,"seen":{"s:9:31:18:Infinity":0,"f:38:16:38:31":0,"s:39:2:94:Infinity":1,"f:40:10:40:19":1,"s:44:10:54:Infinity":2,"s:56:19:56:31":3,"s:57:6:61:Infinity":4,"b:60:23:60:45:60:45:60:Infinity":0,"f:64:10:64:18":2,"b:65:6:65:Infinity:undefined:undefined:undefined:undefined":1,"s:65:6:65:Infinity":5,"s:65:34:65:Infinity":6,"s:66:6:66:Infinity":7,"f:69:10:69:17":3,"b:70:6:70:Infinity:undefined:undefined:undefined:undefined":2,"s:70:6:70:Infinity":8,"s:70:28:70:Infinity":9,"s:71:6:71:Infinity":10,"f:74:10:74:31":4,"s:75:6:75:Infinity":11,"f:78:10:78:25":5,"s:79:6:86:Infinity":12,"f:79:44:79:56":6,"s:80:8:80:Infinity":13,"f:80:36:80:41":7,"s:80:47:80:56":14,"s:81:8:84:Infinity":15,"s:82:28:82:Infinity":16,"b:83:10:83:Infinity:undefined:undefined:undefined:undefined":3,"s:83:10:83:Infinity":17,"s:83:36:83:Infinity":18,"s:85:8:85:Infinity":19,"f:89:10:89:19":8,"s:90:6:92:Infinity":20,"f:90:44:90:56":9,"s:91:8:91:Infinity":21,"f:91:36:91:41":10,"s:91:47:91:56":22,"f:106:22:106:39":11,"s:107:17:107:Infinity":23,"b:109:2:109:Infinity:undefined:undefined:undefined:undefined":4,"s:109:2:109:Infinity":24,"s:109:44:109:Infinity":25,"b:111:2:116:Infinity:undefined:undefined:undefined:undefined":5,"s:111:2:116:Infinity":26,"s:113:41:113:Infinity":27,"s:114:4:114:Infinity":28,"s:115:4:115:Infinity":29,"s:118:21:118:41":30,"s:119:39:119:Infinity":31,"s:121:2:121:Infinity":32,"s:122:2:122:Infinity":33,"s:124:2:124:Infinity":34,"f:131:22:131:37":12,"b:132:2:139:Infinity:undefined:undefined:undefined:undefined":6,"s:132:2:139:Infinity":35,"s:133:4:138:Infinity":36,"s:134:24:134:Infinity":37,"b:135:6:137:Infinity:undefined:undefined:undefined:undefined":7,"s:135:6:137:Infinity":38,"b:135:10:135:23:135:23:135:45":8,"s:136:8:136:Infinity":39,"s:141:2:144:Infinity":40,"s:142:16:142:Infinity":41,"b:143:4:143:Infinity:undefined:undefined:undefined:undefined":9,"s:143:4:143:Infinity":42,"b:143:8:143:15:143:15:143:31":10,"s:143:31:143:Infinity":43,"f:148:16:148:40":13,"s:149:32:149:Infinity":44,"s:151:2:167:Infinity":45,"s:152:23:152:Infinity":46,"b:153:4:158:Infinity:undefined:undefined:undefined:undefined":11,"s:153:4:158:Infinity":47,"b:153:8:153:22:153:22:153:45":12,"s:154:20:154:Infinity":48,"f:154:39:154:44":14,"s:154:50:154:59":49,"s:155:6:157:Infinity":50,"f:155:61:155:Infinity":15,"s:156:15:156:Infinity":51,"b:156:15:156:34:156:34:156:Infinity":13,"s:160:21:160:Infinity":52,"b:161:4:166:Infinity:undefined:undefined:undefined:undefined":14,"s:161:4:166:Infinity":53,"b:161:8:161:20:161:20:161:41":15,"s:162:20:162:Infinity":54,"s:163:6:165:Infinity":55,"f:163:61:163:Infinity":16,"s:164:15:164:Infinity":56,"s:169:2:169:Infinity":57},"fnNames":{}}}
,"/home/user/Finanzas/src/datos/semilla.ts": {"path":"/home/user/Finanzas/src/datos/semilla.ts","statementMap":{"0":{"start":{"line":20,"column":28},"end":{"line":57,"column":null}},"1":{"start":{"line":63,"column":37},"end":{"line":63,"column":null}},"2":{"start":{"line":66,"column":2},"end":{"line":66,"column":null}},"3":{"start":{"line":66,"column":33},"end":{"line":66,"column":70}}},"fnMap":{"0":{"name":"categoriasIniciales","decl":{"start":{"line":65,"column":16},"end":{"line":65,"column":51}},"loc":{"start":{"line":65,"column":51},"end":{"line":67,"column":null}},"line":65},"1":{"name":"(anonymous_1)","decl":{"start":{"line":66,"column":18},"end":{"line":66,"column":23}},"loc":{"start":{"line":66,"column":33},"end":{"line":66,"column":70}},"line":66}},"branchMap":{},"s":{"0":3,"1":3,"2":8,"3":200},"f":{"0":8,"1":200},"b":{},"meta":{"lastBranch":0,"lastFunction":2,"lastStatement":4,"seen":{"s:20:28:57:Infinity":0,"s:63:37:63:Infinity":1,"f:65:16:65:51":0,"s:66:2:66:Infinity":2,"f:66:18:66:23":1,"s:66:33:66:70":3},"fnNames":{}}}
,"/home/user/Finanzas/src/dominio/calculos.ts": {"path":"/home/user/Finanzas/src/dominio/calculos.ts","statementMap":{"0":{"start":{"line":39,"column":17},"end":{"line":39,"column":null}},"1":{"start":{"line":39,"column":44},"end":{"line":39,"column":61}},"2":{"start":{"line":40,"column":2},"end":{"line":40,"column":null}},"3":{"start":{"line":40,"column":15},"end":{"line":40,"column":null}},"4":{"start":{"line":42,"column":14},"end":{"line":42,"column":null}},"5":{"start":{"line":43,"column":2},"end":{"line":52,"column":null}},"6":{"start":{"line":44,"column":4},"end":{"line":44,"column":null}},"7":{"start":{"line":44,"column":34},"end":{"line":44,"column":null}},"8":{"start":{"line":45,"column":4},"end":{"line":48,"column":null}},"9":{"start":{"line":46,"column":6},"end":{"line":47,"column":null}},"10":{"start":{"line":46,"column":32},"end":{"line":46,"column":null}},"11":{"start":{"line":47,"column":11},"end":{"line":47,"column":null}},"12":{"start":{"line":49,"column":4},"end":{"line":51,"column":null}},"13":{"start":{"line":50,"column":6},"end":{"line":50,"column":null}},"14":{"start":{"line":53,"column":2},"end":{"line":53,"column":null}},"15":{"start":{"line":64,"column":17},"end":{"line":64,"column":null}},"16":{"start":{"line":64,"column":44},"end":{"line":64,"column":61}},"17":{"start":{"line":65,"column":2},"end":{"line":65,"column":null}},"18":{"start":{"line":65,"column":15},"end":{"line":65,"column":null}},"19":{"start":{"line":67,"column":2},"end":{"line":70,"column":null}},"20":{"start":{"line":68,"column":23},"end":{"line":68,"column":null}},"21":{"start":{"line":69,"column":4},"end":{"line":69,"column":null}},"22":{"start":{"line":69,"column":20},"end":{"line":69,"column":null}},"23":{"start":{"line":71,"column":2},"end":{"line":71,"column":null}},"24":{"start":{"line":75,"column":2},"end":{"line":78,"column":null}},"25":{"start":{"line":76,"column":19},"end":{"line":76,"column":74}},"26":{"start":{"line":77,"column":20},"end":{"line":77,"column":50}},"27":{"start":{"line":88,"column":2},"end":{"line":90,"column":null}},"28":{"start":{"line":89,"column":36},"end":{"line":89,"column":48}},"29":{"start":{"line":89,"column":61},"end":{"line":89,"column":93}},"30":{"start":{"line":98,"column":17},"end":{"line":98,"column":null}},"31":{"start":{"line":98,"column":44},"end":{"line":98,"column":61}},"32":{"start":{"line":99,"column":2},"end":{"line":99,"column":null}},"33":{"start":{"line":99,"column":15},"end":{"line":99,"column":null}},"34":{"start":{"line":101,"column":19},"end":{"line":101,"column":null}},"35":{"start":{"line":102,"column":16},"end":{"line":102,"column":null}},"36":{"start":{"line":103,"column":19},"end":{"line":103,"column":null}},"37":{"start":{"line":104,"column":2},"end":{"line":104,"column":null}},"38":{"start":{"line":111,"column":2},"end":{"line":113,"column":null}},"39":{"start":{"line":112,"column":40},"end":{"line":112,"column":83}},"40":{"start":{"line":112,"column":96},"end":{"line":112,"column":105}},"41":{"start":{"line":118,"column":2},"end":{"line":120,"column":null}},"42":{"start":{"line":119,"column":40},"end":{"line":119,"column":81}},"43":{"start":{"line":119,"column":94},"end":{"line":119,"column":103}},"44":{"start":{"line":125,"column":2},"end":{"line":125,"column":null}},"45":{"start":{"line":136,"column":19},"end":{"line":136,"column":null}},"46":{"start":{"line":137,"column":2},"end":{"line":137,"column":null}},"47":{"start":{"line":149,"column":19},"end":{"line":149,"column":null}},"48":{"start":{"line":150,"column":17},"end":{"line":150,"column":null}},"49":{"start":{"line":151,"column":17},"end":{"line":151,"column":null}},"50":{"start":{"line":152,"column":2},"end":{"line":152,"column":null}},"51":{"start":{"line":157,"column":2},"end":{"line":157,"column":null}},"52":{"start":{"line":157,"column":26},"end":{"line":157,"column":47}},"53":{"start":{"line":162,"column":2},"end":{"line":162,"column":null}},"54":{"start":{"line":162,"column":29},"end":{"line":162,"column":95}},"55":{"start":{"line":172,"column":14},"end":{"line":172,"column":null}},"56":{"start":{"line":173,"column":2},"end":{"line":175,"column":null}},"57":{"start":{"line":174,"column":4},"end":{"line":174,"column":null}},"58":{"start":{"line":174,"column":35},"end":{"line":174,"column":null}},"59":{"start":{"line":176,"column":2},"end":{"line":176,"column":null}},"60":{"start":{"line":192,"column":16},"end":{"line":192,"column":null}},"61":{"start":{"line":193,"column":16},"end":{"line":193,"column":null}},"62":{"start":{"line":195,"column":2},"end":{"line":200,"column":null}},"63":{"start":{"line":196,"column":4},"end":{"line":196,"column":null}},"64":{"start":{"line":196,"column":70},"end":{"line":196,"column":null}},"65":{"start":{"line":197,"column":22},"end":{"line":197,"column":null}},"66":{"start":{"line":197,"column":52},"end":{"line":197,"column":74}},"67":{"start":{"line":198,"column":18},"end":{"line":198,"column":null}},"68":{"start":{"line":199,"column":4},"end":{"line":199,"column":null}},"69":{"start":{"line":202,"column":2},"end":{"line":208,"column":null}},"70":{"start":{"line":204,"column":24},"end":{"line":204,"column":null}},"71":{"start":{"line":204,"column":54},"end":{"line":204,"column":65}},"72":{"start":{"line":205,"column":6},"end":{"line":205,"column":null}},"73":{"start":{"line":207,"column":40},"end":{"line":207,"column":50}},"74":{"start":{"line":208,"column":20},"end":{"line":208,"column":41}},"75":{"start":{"line":224,"column":17},"end":{"line":224,"column":null}},"76":{"start":{"line":224,"column":42},"end":{"line":224,"column":88}},"77":{"start":{"line":225,"column":2},"end":{"line":225,"column":null}},"78":{"start":{"line":225,"column":44},"end":{"line":225,"column":91}},"79":{"start":{"line":249,"column":20},"end":{"line":249,"column":null}},"80":{"start":{"line":249,"column":50},"end":{"line":249,"column":82}},"81":{"start":{"line":250,"column":2},"end":{"line":250,"column":null}},"82":{"start":{"line":250,"column":18},"end":{"line":250,"column":null}},"83":{"start":{"line":252,"column":14},"end":{"line":252,"column":null}},"84":{"start":{"line":253,"column":18},"end":{"line":257,"column":null}},"85":{"start":{"line":255,"column":21},"end":{"line":255,"column":105}},"86":{"start":{"line":256,"column":18},"end":{"line":256,"column":27}},"87":{"start":{"line":259,"column":2},"end":{"line":267,"column":null}},"88":{"start":{"line":272,"column":35},"end":{"line":272,"column":null}},"89":{"start":{"line":272,"column":74},"end":{"line":272,"column":87}},"90":{"start":{"line":273,"column":2},"end":{"line":279,"column":null}},"91":{"start":{"line":275,"column":16},"end":{"line":275,"column":null}},"92":{"start":{"line":276,"column":6},"end":{"line":276,"column":null}},"93":{"start":{"line":278,"column":44},"end":{"line":278,"column":54}},"94":{"start":{"line":279,"column":14},"end":{"line":279,"column":61}},"95":{"start":{"line":307,"column":19},"end":{"line":309,"column":null}},"96":{"start":{"line":308,"column":41},"end":{"line":308,"column":69}},"97":{"start":{"line":308,"column":82},"end":{"line":308,"column":91}},"98":{"start":{"line":310,"column":19},"end":{"line":310,"column":null}},"99":{"start":{"line":312,"column":38},"end":{"line":312,"column":null}},"100":{"start":{"line":313,"column":35},"end":{"line":313,"column":null}},"101":{"start":{"line":314,"column":2},"end":{"line":319,"column":null}},"102":{"start":{"line":315,"column":4},"end":{"line":315,"column":null}},"103":{"start":{"line":316,"column":4},"end":{"line":318,"column":null}},"104":{"start":{"line":317,"column":6},"end":{"line":317,"column":null}},"105":{"start":{"line":321,"column":2},"end":{"line":329,"column":null}},"106":{"start":{"line":336,"column":2},"end":{"line":338,"column":null}},"107":{"start":{"line":337,"column":19},"end":{"line":337,"column":38}},"108":{"start":{"line":338,"column":20},"end":{"line":338,"column":90}},"109":{"start":{"line":342,"column":2},"end":{"line":342,"column":null}},"110":{"start":{"line":342,"column":38},"end":{"line":342,"column":50}},"111":{"start":{"line":342,"column":67},"end":{"line":342,"column":84}},"112":{"start":{"line":346,"column":2},"end":{"line":346,"column":null}},"113":{"start":{"line":346,"column":41},"end":{"line":346,"column":72}},"114":{"start":{"line":346,"column":89},"end":{"line":346,"column":106}}},"fnMap":{"0":{"name":"saldoCuenta","decl":{"start":{"line":38,"column":16},"end":{"line":38,"column":28}},"loc":{"start":{"line":38,"column":95},"end":{"line":54,"column":null}},"line":38},"1":{"name":"(anonymous_1)","decl":{"start":{"line":39,"column":32},"end":{"line":39,"column":38}},"loc":{"start":{"line":39,"column":44},"end":{"line":39,"column":61}},"line":39},"2":{"name":"valorCuenta","decl":{"start":{"line":63,"column":16},"end":{"line":63,"column":28}},"loc":{"start":{"line":63,"column":95},"end":{"line":72,"column":null}},"line":63},"3":{"name":"(anonymous_3)","decl":{"start":{"line":64,"column":32},"end":{"line":64,"column":38}},"loc":{"start":{"line":64,"column":44},"end":{"line":64,"column":61}},"line":64},"4":{"name":"ultimaValoracion","decl":{"start":{"line":74,"column":16},"end":{"line":74,"column":33}},"loc":{"start":{"line":74,"column":93},"end":{"line":79,"column":null}},"line":74},"5":{"name":"(anonymous_5)","decl":{"start":{"line":76,"column":5},"end":{"line":76,"column":13}},"loc":{"start":{"line":76,"column":19},"end":{"line":76,"column":74}},"line":76},"6":{"name":"(anonymous_6)","decl":{"start":{"line":77,"column":5},"end":{"line":77,"column":11}},"loc":{"start":{"line":77,"column":20},"end":{"line":77,"column":50}},"line":77},"7":{"name":"patrimonioNeto","decl":{"start":{"line":87,"column":16},"end":{"line":87,"column":31}},"loc":{"start":{"line":87,"column":80},"end":{"line":91,"column":null}},"line":87},"8":{"name":"(anonymous_8)","decl":{"start":{"line":89,"column":22},"end":{"line":89,"column":30}},"loc":{"start":{"line":89,"column":36},"end":{"line":89,"column":48}},"line":89},"9":{"name":"(anonymous_9)","decl":{"start":{"line":89,"column":50},"end":{"line":89,"column":55}},"loc":{"start":{"line":89,"column":61},"end":{"line":89,"column":93}},"line":89},"10":{"name":"rendimientoInversion","decl":{"start":{"line":97,"column":16},"end":{"line":97,"column":37}},"loc":{"start":{"line":97,"column":79},"end":{"line":105,"column":null}},"line":97},"11":{"name":"(anonymous_11)","decl":{"start":{"line":98,"column":32},"end":{"line":98,"column":38}},"loc":{"start":{"line":98,"column":44},"end":{"line":98,"column":61}},"line":98},"12":{"name":"ingresosDelMes","decl":{"start":{"line":110,"column":16},"end":{"line":110,"column":31}},"loc":{"start":{"line":110,"column":75},"end":{"line":114,"column":null}},"line":110},"13":{"name":"(anonymous_13)","decl":{"start":{"line":112,"column":26},"end":{"line":112,"column":34}},"loc":{"start":{"line":112,"column":40},"end":{"line":112,"column":83}},"line":112},"14":{"name":"(anonymous_14)","decl":{"start":{"line":112,"column":85},"end":{"line":112,"column":90}},"loc":{"start":{"line":112,"column":96},"end":{"line":112,"column":105}},"line":112},"15":{"name":"gastosDelMes","decl":{"start":{"line":117,"column":16},"end":{"line":117,"column":29}},"loc":{"start":{"line":117,"column":73},"end":{"line":121,"column":null}},"line":117},"16":{"name":"(anonymous_16)","decl":{"start":{"line":119,"column":26},"end":{"line":119,"column":34}},"loc":{"start":{"line":119,"column":40},"end":{"line":119,"column":81}},"line":119},"17":{"name":"(anonymous_17)","decl":{"start":{"line":119,"column":83},"end":{"line":119,"column":88}},"loc":{"start":{"line":119,"column":94},"end":{"line":119,"column":103}},"line":119},"18":{"name":"ahorroDelMes","decl":{"start":{"line":124,"column":16},"end":{"line":124,"column":29}},"loc":{"start":{"line":124,"column":73},"end":{"line":126,"column":null}},"line":124},"19":{"name":"tasaAhorro","decl":{"start":{"line":135,"column":16},"end":{"line":135,"column":27}},"loc":{"start":{"line":135,"column":79},"end":{"line":138,"column":null}},"line":135},"20":{"name":"resumenMes","decl":{"start":{"line":148,"column":16},"end":{"line":148,"column":27}},"loc":{"start":{"line":148,"column":76},"end":{"line":153,"column":null}},"line":148},"21":{"name":"serieMensual","decl":{"start":{"line":156,"column":16},"end":{"line":156,"column":29}},"loc":{"start":{"line":156,"column":84},"end":{"line":158,"column":null}},"line":156},"22":{"name":"(anonymous_22)","decl":{"start":{"line":157,"column":15},"end":{"line":157,"column":20}},"loc":{"start":{"line":157,"column":26},"end":{"line":157,"column":47}},"line":157},"23":{"name":"evolucionPatrimonio","decl":{"start":{"line":161,"column":16},"end":{"line":161,"column":36}},"loc":{"start":{"line":161,"column":77},"end":{"line":163,"column":null}},"line":161},"24":{"name":"(anonymous_24)","decl":{"start":{"line":162,"column":15},"end":{"line":162,"column":20}},"loc":{"start":{"line":162,"column":29},"end":{"line":162,"column":95}},"line":162},"25":{"name":"conDescendientes","decl":{"start":{"line":171,"column":16},"end":{"line":171,"column":33}},"loc":{"start":{"line":171,"column":92},"end":{"line":177,"column":null}},"line":171},"26":{"name":"gastosPorCategoria","decl":{"start":{"line":191,"column":16},"end":{"line":191,"column":35}},"loc":{"start":{"line":191,"column":90},"end":{"line":209,"column":null}},"line":191},"27":{"name":"(anonymous_27)","decl":{"start":{"line":197,"column":40},"end":{"line":197,"column":46}},"loc":{"start":{"line":197,"column":52},"end":{"line":197,"column":74}},"line":197},"28":{"name":"(anonymous_28)","decl":{"start":{"line":203,"column":5},"end":{"line":203,"column":10}},"loc":{"start":{"line":203,"column":28},"end":{"line":206,"column":5}},"line":203},"29":{"name":"(anonymous_29)","decl":{"start":{"line":204,"column":42},"end":{"line":204,"column":48}},"loc":{"start":{"line":204,"column":54},"end":{"line":204,"column":65}},"line":204},"30":{"name":"(anonymous_30)","decl":{"start":{"line":207,"column":5},"end":{"line":207,"column":13}},"loc":{"start":{"line":207,"column":40},"end":{"line":207,"column":50}},"line":207},"31":{"name":"(anonymous_31)","decl":{"start":{"line":208,"column":5},"end":{"line":208,"column":11}},"loc":{"start":{"line":208,"column":20},"end":{"line":208,"column":41}},"line":208},"32":{"name":"presupuestoAplicable","decl":{"start":{"line":219,"column":16},"end":{"line":219,"column":null}},"loc":{"start":{"line":223,"column":27},"end":{"line":226,"column":null}},"line":223},"33":{"name":"(anonymous_33)","decl":{"start":{"line":224,"column":30},"end":{"line":224,"column":36}},"loc":{"start":{"line":224,"column":42},"end":{"line":224,"column":88}},"line":224},"34":{"name":"(anonymous_34)","decl":{"start":{"line":225,"column":32},"end":{"line":225,"column":38}},"loc":{"start":{"line":225,"column":44},"end":{"line":225,"column":91}},"line":225},"35":{"name":"consumoPresupuesto","decl":{"start":{"line":244,"column":16},"end":{"line":244,"column":null}},"loc":{"start":{"line":248,"column":29},"end":{"line":268,"column":null}},"line":248},"36":{"name":"(anonymous_36)","decl":{"start":{"line":249,"column":38},"end":{"line":249,"column":44}},"loc":{"start":{"line":249,"column":50},"end":{"line":249,"column":82}},"line":249},"37":{"name":"(anonymous_37)","decl":{"start":{"line":255,"column":7},"end":{"line":255,"column":15}},"loc":{"start":{"line":255,"column":21},"end":{"line":255,"column":105}},"line":255},"38":{"name":"(anonymous_38)","decl":{"start":{"line":256,"column":7},"end":{"line":256,"column":12}},"loc":{"start":{"line":256,"column":18},"end":{"line":256,"column":27}},"line":256},"39":{"name":"consumosDelMes","decl":{"start":{"line":271,"column":16},"end":{"line":271,"column":31}},"loc":{"start":{"line":271,"column":90},"end":{"line":280,"column":null}},"line":271},"40":{"name":"(anonymous_40)","decl":{"start":{"line":272,"column":63},"end":{"line":272,"column":68}},"loc":{"start":{"line":272,"column":74},"end":{"line":272,"column":87}},"line":272},"41":{"name":"(anonymous_41)","decl":{"start":{"line":274,"column":5},"end":{"line":274,"column":10}},"loc":{"start":{"line":274,"column":26},"end":{"line":277,"column":5}},"line":274},"42":{"name":"(anonymous_42)","decl":{"start":{"line":278,"column":5},"end":{"line":278,"column":13}},"loc":{"start":{"line":278,"column":44},"end":{"line":278,"column":54}},"line":278},"43":{"name":"(anonymous_43)","decl":{"start":{"line":279,"column":5},"end":{"line":279,"column":11}},"loc":{"start":{"line":279,"column":14},"end":{"line":279,"column":61}},"line":279},"44":{"name":"progresoObjetivo","decl":{"start":{"line":302,"column":16},"end":{"line":302,"column":null}},"loc":{"start":{"line":306,"column":20},"end":{"line":330,"column":null}},"line":306},"45":{"name":"(anonymous_45)","decl":{"start":{"line":308,"column":27},"end":{"line":308,"column":35}},"loc":{"start":{"line":308,"column":41},"end":{"line":308,"column":69}},"line":308},"46":{"name":"(anonymous_46)","decl":{"start":{"line":308,"column":71},"end":{"line":308,"column":76}},"loc":{"start":{"line":308,"column":82},"end":{"line":308,"column":91}},"line":308},"47":{"name":"movimientosDelMes","decl":{"start":{"line":335,"column":16},"end":{"line":335,"column":34}},"loc":{"start":{"line":335,"column":85},"end":{"line":339,"column":null}},"line":335},"48":{"name":"(anonymous_48)","decl":{"start":{"line":337,"column":5},"end":{"line":337,"column":13}},"loc":{"start":{"line":337,"column":19},"end":{"line":337,"column":38}},"line":337},"49":{"name":"(anonymous_49)","decl":{"start":{"line":338,"column":5},"end":{"line":338,"column":11}},"loc":{"start":{"line":338,"column":20},"end":{"line":338,"column":90}},"line":338},"50":{"name":"cuentasActivas","decl":{"start":{"line":341,"column":16},"end":{"line":341,"column":31}},"loc":{"start":{"line":341,"column":65},"end":{"line":343,"column":null}},"line":341},"51":{"name":"(anonymous_51)","decl":{"start":{"line":342,"column":24},"end":{"line":342,"column":32}},"loc":{"start":{"line":342,"column":38},"end":{"line":342,"column":50}},"line":342},"52":{"name":"(anonymous_52)","decl":{"start":{"line":342,"column":52},"end":{"line":342,"column":58}},"loc":{"start":{"line":342,"column":67},"end":{"line":342,"column":84}},"line":342},"53":{"name":"categoriasDe","decl":{"start":{"line":345,"column":16},"end":{"line":345,"column":29}},"loc":{"start":{"line":345,"column":93},"end":{"line":347,"column":null}},"line":345},"54":{"name":"(anonymous_54)","decl":{"start":{"line":346,"column":27},"end":{"line":346,"column":35}},"loc":{"start":{"line":346,"column":41},"end":{"line":346,"column":72}},"line":346},"55":{"name":"(anonymous_55)","decl":{"start":{"line":346,"column":74},"end":{"line":346,"column":80}},"loc":{"start":{"line":346,"column":89},"end":{"line":346,"column":106}},"line":346}},"branchMap":{"0":{"loc":{"start":{"line":40,"column":2},"end":{"line":40,"column":null}},"type":"if","locations":[{"start":{"line":40,"column":2},"end":{"line":40,"column":null}},{"start":{},"end":{}}],"line":40},"1":{"loc":{"start":{"line":44,"column":4},"end":{"line":44,"column":null}},"type":"if","locations":[{"start":{"line":44,"column":4},"end":{"line":44,"column":null}},{"start":{},"end":{}}],"line":44},"2":{"loc":{"start":{"line":44,"column":8},"end":{"line":44,"column":34}},"type":"binary-expr","locations":[{"start":{"line":44,"column":8},"end":{"line":44,"column":17}},{"start":{"line":44,"column":17},"end":{"line":44,"column":34}}],"line":44},"3":{"loc":{"start":{"line":45,"column":4},"end":{"line":48,"column":null}},"type":"if","locations":[{"start":{"line":45,"column":4},"end":{"line":48,"column":null}},{"start":{},"end":{}}],"line":45},"4":{"loc":{"start":{"line":46,"column":6},"end":{"line":47,"column":null}},"type":"if","locations":[{"start":{"line":46,"column":6},"end":{"line":47,"column":null}},{"start":{"line":47,"column":11},"end":{"line":47,"column":null}}],"line":46},"5":{"loc":{"start":{"line":49,"column":4},"end":{"line":51,"column":null}},"type":"if","locations":[{"start":{"line":49,"column":4},"end":{"line":51,"column":null}},{"start":{},"end":{}}],"line":49},"6":{"loc":{"start":{"line":49,"column":8},"end":{"line":49,"column":65}},"type":"binary-expr","locations":[{"start":{"line":49,"column":8},"end":{"line":49,"column":33}},{"start":{"line":49,"column":33},"end":{"line":49,"column":65}}],"line":49},"7":{"loc":{"start":{"line":65,"column":2},"end":{"line":65,"column":null}},"type":"if","locations":[{"start":{"line":65,"column":2},"end":{"line":65,"column":null}},{"start":{},"end":{}}],"line":65},"8":{"loc":{"start":{"line":67,"column":2},"end":{"line":70,"column":null}},"type":"if","locations":[{"start":{"line":67,"column":2},"end":{"line":70,"column":null}},{"start":{},"end":{}}],"line":67},"9":{"loc":{"start":{"line":69,"column":4},"end":{"line":69,"column":null}},"type":"if","locations":[{"start":{"line":69,"column":4},"end":{"line":69,"column":null}},{"start":{},"end":{}}],"line":69},"10":{"loc":{"start":{"line":76,"column":19},"end":{"line":76,"column":74}},"type":"binary-expr","locations":[{"start":{"line":76,"column":19},"end":{"line":76,"column":47}},{"start":{"line":76,"column":47},"end":{"line":76,"column":57}},{"start":{"line":76,"column":57},"end":{"line":76,"column":74}}],"line":76},"11":{"loc":{"start":{"line":99,"column":2},"end":{"line":99,"column":null}},"type":"if","locations":[{"start":{"line":99,"column":2},"end":{"line":99,"column":null}},{"start":{},"end":{}}],"line":99},"12":{"loc":{"start":{"line":112,"column":40},"end":{"line":112,"column":83}},"type":"binary-expr","locations":[{"start":{"line":112,"column":40},"end":{"line":112,"column":64}},{"start":{"line":112,"column":64},"end":{"line":112,"column":83}}],"line":112},"13":{"loc":{"start":{"line":119,"column":40},"end":{"line":119,"column":81}},"type":"binary-expr","locations":[{"start":{"line":119,"column":40},"end":{"line":119,"column":62}},{"start":{"line":119,"column":62},"end":{"line":119,"column":81}}],"line":119},"14":{"loc":{"start":{"line":174,"column":4},"end":{"line":174,"column":null}},"type":"if","locations":[{"start":{"line":174,"column":4},"end":{"line":174,"column":null}},{"start":{},"end":{}}],"line":174},"15":{"loc":{"start":{"line":196,"column":4},"end":{"line":196,"column":null}},"type":"if","locations":[{"start":{"line":196,"column":4},"end":{"line":196,"column":null}},{"start":{},"end":{}}],"line":196},"16":{"loc":{"start":{"line":196,"column":8},"end":{"line":196,"column":70}},"type":"binary-expr","locations":[{"start":{"line":196,"column":8},"end":{"line":196,"column":30}},{"start":{"line":196,"column":30},"end":{"line":196,"column":54}},{"start":{"line":196,"column":54},"end":{"line":196,"column":70}}],"line":196},"17":{"loc":{"start":{"line":198,"column":18},"end":{"line":198,"column":null}},"type":"binary-expr","locations":[{"start":{"line":198,"column":18},"end":{"line":198,"column":40}},{"start":{"line":198,"column":40},"end":{"line":198,"column":null}}],"line":198},"18":{"loc":{"start":{"line":199,"column":22},"end":{"line":199,"column":47}},"type":"binary-expr","locations":[{"start":{"line":199,"column":22},"end":{"line":199,"column":42}},{"start":{"line":199,"column":42},"end":{"line":199,"column":47}}],"line":199},"19":{"loc":{"start":{"line":205,"column":13},"end":{"line":205,"column":null}},"type":"cond-expr","locations":[{"start":{"line":205,"column":25},"end":{"line":205,"column":90}},{"start":{"line":205,"column":90},"end":{"line":205,"column":null}}],"line":205},"20":{"loc":{"start":{"line":224,"column":42},"end":{"line":224,"column":88}},"type":"binary-expr","locations":[{"start":{"line":224,"column":42},"end":{"line":224,"column":75}},{"start":{"line":224,"column":75},"end":{"line":224,"column":88}}],"line":224},"21":{"loc":{"start":{"line":225,"column":9},"end":{"line":225,"column":null}},"type":"binary-expr","locations":[{"start":{"line":225,"column":9},"end":{"line":225,"column":19}},{"start":{"line":225,"column":19},"end":{"line":225,"column":null}}],"line":225},"22":{"loc":{"start":{"line":225,"column":44},"end":{"line":225,"column":91}},"type":"binary-expr","locations":[{"start":{"line":225,"column":44},"end":{"line":225,"column":77}},{"start":{"line":225,"column":77},"end":{"line":225,"column":91}}],"line":225},"23":{"loc":{"start":{"line":250,"column":2},"end":{"line":250,"column":null}},"type":"if","locations":[{"start":{"line":250,"column":2},"end":{"line":250,"column":null}},{"start":{},"end":{}}],"line":250},"24":{"loc":{"start":{"line":255,"column":21},"end":{"line":255,"column":105}},"type":"binary-expr","locations":[{"start":{"line":255,"column":21},"end":{"line":255,"column":43}},{"start":{"line":255,"column":43},"end":{"line":255,"column":66}},{"start":{"line":255,"column":66},"end":{"line":255,"column":83}},{"start":{"line":255,"column":83},"end":{"line":255,"column":105}}],"line":255},"25":{"loc":{"start":{"line":276,"column":13},"end":{"line":276,"column":null}},"type":"cond-expr","locations":[{"start":{"line":276,"column":17},"end":{"line":276,"column":54}},{"start":{"line":276,"column":54},"end":{"line":276,"column":null}}],"line":276},"26":{"loc":{"start":{"line":279,"column":21},"end":{"line":279,"column":43}},"type":"binary-expr","locations":[{"start":{"line":279,"column":21},"end":{"line":279,"column":37}},{"start":{"line":279,"column":37},"end":{"line":279,"column":43}}],"line":279},"27":{"loc":{"start":{"line":279,"column":43},"end":{"line":279,"column":61}},"type":"binary-expr","locations":[{"start":{"line":279,"column":43},"end":{"line":279,"column":59}},{"start":{"line":279,"column":59},"end":{"line":279,"column":61}}],"line":279},"28":{"loc":{"start":{"line":314,"column":2},"end":{"line":319,"column":null}},"type":"if","locations":[{"start":{"line":314,"column":2},"end":{"line":319,"column":null}},{"start":{},"end":{}}],"line":314},"29":{"loc":{"start":{"line":316,"column":4},"end":{"line":318,"column":null}},"type":"if","locations":[{"start":{"line":316,"column":4},"end":{"line":318,"column":null}},{"start":{},"end":{}}],"line":316},"30":{"loc":{"start":{"line":316,"column":8},"end":{"line":316,"column":44}},"type":"binary-expr","locations":[{"start":{"line":316,"column":8},"end":{"line":316,"column":30}},{"start":{"line":316,"column":30},"end":{"line":316,"column":44}}],"line":316},"31":{"loc":{"start":{"line":338,"column":20},"end":{"line":338,"column":90}},"type":"binary-expr","locations":[{"start":{"line":338,"column":20},"end":{"line":338,"column":54}},{"start":{"line":338,"column":54},"end":{"line":338,"column":90}}],"line":338},"32":{"loc":{"start":{"line":346,"column":41},"end":{"line":346,"column":72}},"type":"binary-expr","locations":[{"start":{"line":346,"column":41},"end":{"line":346,"column":60}},{"start":{"line":346,"column":60},"end":{"line":346,"column":72}}],"line":346}},"s":{"0":78,"1":148,"2":78,"3":1,"4":77,"5":77,"6":298,"7":51,"8":247,"9":100,"10":23,"11":77,"12":247,"13":42,"14":77,"15":63,"16":121,"17":63,"18":0,"19":63,"20":10,"21":10,"22":7,"23":56,"24":10,"25":13,"26":8,"27":25,"28":64,"29":59,"30":1,"31":3,"32":1,"33":0,"34":1,"35":1,"36":1,"37":1,"38":19,"39":57,"40":13,"41":14,"42":46,"43":15,"44":7,"45":6,"46":6,"47":4,"48":4,"49":4,"50":4,"51":2,"52":4,"53":3,"54":12,"55":5,"56":5,"57":13,"58":1,"59":5,"60":2,"61":2,"62":2,"63":5,"64":2,"65":3,"66":5,"67":3,"68":5,"69":2,"70":3,"71":5,"72":3,"73":3,"74":1,"75":4,"76":8,"77":4,"78":4,"79":5,"80":7,"81":5,"82":0,"83":5,"84":5,"85":10,"86":6,"87":5,"88":1,"89":2,"90":1,"91":2,"92":2,"93":2,"94":1,"95":11,"96":17,"97":11,"98":11,"99":11,"100":11,"101":11,"102":4,"103":4,"104":3,"105":11,"106":0,"107":0,"108":0,"109":0,"110":0,"111":0,"112":0,"113":0,"114":0},"f":{"0":78,"1":148,"2":63,"3":121,"4":10,"5":13,"6":8,"7":25,"8":64,"9":59,"10":1,"11":3,"12":19,"13":57,"14":13,"15":14,"16":46,"17":15,"18":7,"19":6,"20":4,"21":2,"22":4,"23":3,"24":12,"25":5,"26":2,"27":5,"28":3,"29":5,"30":3,"31":1,"32":4,"33":8,"34":4,"35":5,"36":7,"37":10,"38":6,"39":1,"40":2,"41":2,"42":2,"43":1,"44":11,"45":17,"46":11,"47":0,"48":0,"49":0,"50":0,"51":0,"52":0,"53":0,"54":0,"55":0},"b":{"0":[1,77],"1":[51,247],"2":[298,130],"3":[100,147],"4":[23,77],"5":[42,205],"6":[247,111],"7":[0,63],"8":[10,53],"9":[7,3],"10":[13,13,0],"11":[0,1],"12":[57,18],"13":[46,20],"14":[1,12],"15":[2,3],"16":[5,3,3],"17":[3,3],"18":[5,3],"19":[3,0],"20":[8,6],"21":[4,3],"22":[4,3],"23":[0,5],"24":[10,8,8,8],"25":[2,0],"26":[1,0],"27":[1,0],"28":[4,7],"29":[3,1],"30":[4,4],"31":[0,0],"32":[0,0]},"meta":{"lastBranch":33,"lastFunction":56,"lastStatement":115,"seen":{"f:38:16:38:28":0,"s:39:17:39:Infinity":0,"f:39:32:39:38":1,"s:39:44:39:61":1,"b:40:2:40:Infinity:undefined:undefined:undefined:undefined":0,"s:40:2:40:Infinity":2,"s:40:15:40:Infinity":3,"s:42:14:42:Infinity":4,"s:43:2:52:Infinity":5,"b:44:4:44:Infinity:undefined:undefined:undefined:undefined":1,"s:44:4:44:Infinity":6,"b:44:8:44:17:44:17:44:34":2,"s:44:34:44:Infinity":7,"b:45:4:48:Infinity:undefined:undefined:undefined:undefined":3,"s:45:4:48:Infinity":8,"b:46:6:47:Infinity:47:11:47:Infinity":4,"s:46:6:47:Infinity":9,"s:46:32:46:Infinity":10,"s:47:11:47:Infinity":11,"b:49:4:51:Infinity:undefined:undefined:undefined:undefined":5,"s:49:4:51:Infinity":12,"b:49:8:49:33:49:33:49:65":6,"s:50:6:50:Infinity":13,"s:53:2:53:Infinity":14,"f:63:16:63:28":2,"s:64:17:64:Infinity":15,"f:64:32:64:38":3,"s:64:44:64:61":16,"b:65:2:65:Infinity:undefined:undefined:undefined:undefined":7,"s:65:2:65:Infinity":17,"s:65:15:65:Infinity":18,"b:67:2:70:Infinity:undefined:undefined:undefined:undefined":8,"s:67:2:70:Infinity":19,"s:68:23:68:Infinity":20,"b:69:4:69:Infinity:undefined:undefined:undefined:undefined":9,"s:69:4:69:Infinity":21,"s:69:20:69:Infinity":22,"s:71:2:71:Infinity":23,"f:74:16:74:33":4,"s:75:2:78:Infinity":24,"f:76:5:76:13":5,"s:76:19:76:74":25,"b:76:19:76:47:76:47:76:57:76:57:76:74":10,"f:77:5:77:11":6,"s:77:20:77:50":26,"f:87:16:87:31":7,"s:88:2:90:Infinity":27,"f:89:22:89:30":8,"s:89:36:89:48":28,"f:89:50:89:55":9,"s:89:61:89:93":29,"f:97:16:97:37":10,"s:98:17:98:Infinity":30,"f:98:32:98:38":11,"s:98:44:98:61":31,"b:99:2:99:Infinity:undefined:undefined:undefined:undefined":11,"s:99:2:99:Infinity":32,"s:99:15:99:Infinity":33,"s:101:19:101:Infinity":34,"s:102:16:102:Infinity":35,"s:103:19:103:Infinity":36,"s:104:2:104:Infinity":37,"f:110:16:110:31":12,"s:111:2:113:Infinity":38,"f:112:26:112:34":13,"s:112:40:112:83":39,"b:112:40:112:64:112:64:112:83":12,"f:112:85:112:90":14,"s:112:96:112:105":40,"f:117:16:117:29":15,"s:118:2:120:Infinity":41,"f:119:26:119:34":16,"s:119:40:119:81":42,"b:119:40:119:62:119:62:119:81":13,"f:119:83:119:88":17,"s:119:94:119:103":43,"f:124:16:124:29":18,"s:125:2:125:Infinity":44,"f:135:16:135:27":19,"s:136:19:136:Infinity":45,"s:137:2:137:Infinity":46,"f:148:16:148:27":20,"s:149:19:149:Infinity":47,"s:150:17:150:Infinity":48,"s:151:17:151:Infinity":49,"s:152:2:152:Infinity":50,"f:156:16:156:29":21,"s:157:2:157:Infinity":51,"f:157:15:157:20":22,"s:157:26:157:47":52,"f:161:16:161:36":23,"s:162:2:162:Infinity":53,"f:162:15:162:20":24,"s:162:29:162:95":54,"f:171:16:171:33":25,"s:172:14:172:Infinity":55,"s:173:2:175:Infinity":56,"b:174:4:174:Infinity:undefined:undefined:undefined:undefined":14,"s:174:4:174:Infinity":57,"s:174:35:174:Infinity":58,"s:176:2:176:Infinity":59,"f:191:16:191:35":26,"s:192:16:192:Infinity":60,"s:193:16:193:Infinity":61,"s:195:2:200:Infinity":62,"b:196:4:196:Infinity:undefined:undefined:undefined:undefined":15,"s:196:4:196:Infinity":63,"b:196:8:196:30:196:30:196:54:196:54:196:70":16,"s:196:70:196:Infinity":64,"s:197:22:197:Infinity":65,"f:197:40:197:46":27,"s:197:52:197:74":66,"s:198:18:198:Infinity":67,"b:198:18:198:40:198:40:198:Infinity":17,"s:199:4:199:Infinity":68,"b:199:22:199:42:199:42:199:47":18,"s:202:2:208:Infinity":69,"f:203:5:203:10":28,"s:204:24:204:Infinity":70,"f:204:42:204:48":29,"s:204:54:204:65":71,"s:205:6:205:Infinity":72,"b:205:25:205:90:205:90:205:Infinity":19,"f:207:5:207:13":30,"s:207:40:207:50":73,"f:208:5:208:11":31,"s:208:20:208:41":74,"f:219:16:219:Infinity":32,"s:224:17:224:Infinity":75,"f:224:30:224:36":33,"s:224:42:224:88":76,"b:224:42:224:75:224:75:224:88":20,"s:225:2:225:Infinity":77,"b:225:9:225:19:225:19:225:Infinity":21,"f:225:32:225:38":34,"s:225:44:225:91":78,"b:225:44:225:77:225:77:225:91":22,"f:244:16:244:Infinity":35,"s:249:20:249:Infinity":79,"f:249:38:249:44":36,"s:249:50:249:82":80,"b:250:2:250:Infinity:undefined:undefined:undefined:undefined":23,"s:250:2:250:Infinity":81,"s:250:18:250:Infinity":82,"s:252:14:252:Infinity":83,"s:253:18:257:Infinity":84,"f:255:7:255:15":37,"s:255:21:255:105":85,"b:255:21:255:43:255:43:255:66:255:66:255:83:255:83:255:105":24,"f:256:7:256:12":38,"s:256:18:256:27":86,"s:259:2:267:Infinity":87,"f:271:16:271:31":39,"s:272:35:272:Infinity":88,"f:272:63:272:68":40,"s:272:74:272:87":89,"s:273:2:279:Infinity":90,"f:274:5:274:10":41,"s:275:16:275:Infinity":91,"s:276:6:276:Infinity":92,"b:276:17:276:54:276:54:276:Infinity":25,"f:278:5:278:13":42,"s:278:44:278:54":93,"f:279:5:279:11":43,"s:279:14:279:61":94,"b:279:21:279:37:279:37:279:43":26,"b:279:43:279:59:279:59:279:61":27,"f:302:16:302:Infinity":44,"s:307:19:309:Infinity":95,"f:308:27:308:35":45,"s:308:41:308:69":96,"f:308:71:308:76":46,"s:308:82:308:91":97,"s:310:19:310:Infinity":98,"s:312:38:312:Infinity":99,"s:313:35:313:Infinity":100,"b:314:2:319:Infinity:undefined:undefined:undefined:undefined":28,"s:314:2:319:Infinity":101,"s:315:4:315:Infinity":102,"b:316:4:318:Infinity:undefined:undefined:undefined:undefined":29,"s:316:4:318:Infinity":103,"b:316:8:316:30:316:30:316:44":30,"s:317:6:317:Infinity":104,"s:321:2:329:Infinity":105,"f:335:16:335:34":47,"s:336:2:338:Infinity":106,"f:337:5:337:13":48,"s:337:19:337:38":107,"f:338:5:338:11":49,"s:338:20:338:90":108,"b:338:20:338:54:338:54:338:90":31,"f:341:16:341:31":50,"s:342:2:342:Infinity":109,"f:342:24:342:32":51,"s:342:38:342:50":110,"f:342:52:342:58":52,"s:342:67:342:84":111,"f:345:16:345:29":53,"s:346:2:346:Infinity":112,"f:346:27:346:35":54,"s:346:41:346:72":113,"b:346:41:346:60:346:60:346:72":32,"f:346:74:346:80":55,"s:346:89:346:106":114},"fnNames":{}}}
,"/home/user/Finanzas/src/dominio/dinero.ts": {"path":"/home/user/Finanzas/src/dominio/dinero.ts","statementMap":{"0":{"start":{"line":22,"column":2},"end":{"line":22,"column":null}},"1":{"start":{"line":27,"column":2},"end":{"line":27,"column":null}},"2":{"start":{"line":46,"column":2},"end":{"line":46,"column":null}},"3":{"start":{"line":46,"column":33},"end":{"line":46,"column":null}},"4":{"start":{"line":48,"column":15},"end":{"line":48,"column":null}},"5":{"start":{"line":49,"column":2},"end":{"line":49,"column":null}},"6":{"start":{"line":49,"column":21},"end":{"line":49,"column":null}},"7":{"start":{"line":51,"column":17},"end":{"line":51,"column":null}},"8":{"start":{"line":52,"column":2},"end":{"line":57,"column":null}},"9":{"start":{"line":53,"column":4},"end":{"line":53,"column":null}},"10":{"start":{"line":54,"column":4},"end":{"line":54,"column":null}},"11":{"start":{"line":55,"column":9},"end":{"line":57,"column":null}},"12":{"start":{"line":56,"column":4},"end":{"line":56,"column":null}},"13":{"start":{"line":59,"column":2},"end":{"line":59,"column":null}},"14":{"start":{"line":59,"column":33},"end":{"line":59,"column":null}},"15":{"start":{"line":62,"column":2},"end":{"line":77,"column":null}},"16":{"start":{"line":64,"column":4},"end":{"line":64,"column":null}},"17":{"start":{"line":64,"column":47},"end":{"line":64,"column":null}},"18":{"start":{"line":65,"column":4},"end":{"line":65,"column":null}},"19":{"start":{"line":67,"column":10},"end":{"line":67,"column":null}},"20":{"start":{"line":68,"column":4},"end":{"line":76,"column":null}},"21":{"start":{"line":69,"column":6},"end":{"line":69,"column":null}},"22":{"start":{"line":70,"column":11},"end":{"line":76,"column":null}},"23":{"start":{"line":71,"column":6},"end":{"line":71,"column":null}},"24":{"start":{"line":74,"column":6},"end":{"line":74,"column":null}},"25":{"start":{"line":74,"column":47},"end":{"line":74,"column":null}},"26":{"start":{"line":75,"column":6},"end":{"line":75,"column":null}},"27":{"start":{"line":79,"column":33},"end":{"line":79,"column":null}},"28":{"start":{"line":80,"column":2},"end":{"line":80,"column":null}},"29":{"start":{"line":80,"column":39},"end":{"line":80,"column":null}},"30":{"start":{"line":81,"column":2},"end":{"line":81,"column":null}},"31":{"start":{"line":81,"column":55},"end":{"line":81,"column":null}},"32":{"start":{"line":82,"column":2},"end":{"line":82,"column":null}},"33":{"start":{"line":82,"column":26},"end":{"line":82,"column":null}},"34":{"start":{"line":84,"column":19},"end":{"line":84,"column":null}},"35":{"start":{"line":85,"column":2},"end":{"line":85,"column":null}},"36":{"start":{"line":85,"column":34},"end":{"line":85,"column":null}},"37":{"start":{"line":87,"column":2},"end":{"line":87,"column":null}},"38":{"start":{"line":90,"column":25},"end":{"line":93,"column":null}},"39":{"start":{"line":95,"column":32},"end":{"line":99,"column":null}},"40":{"start":{"line":109,"column":12},"end":{"line":109,"column":null}},"41":{"start":{"line":110,"column":2},"end":{"line":110,"column":null}},"42":{"start":{"line":115,"column":16},"end":{"line":115,"column":null}},"43":{"start":{"line":116,"column":2},"end":{"line":116,"column":null}},"44":{"start":{"line":128,"column":16},"end":{"line":128,"column":null}},"45":{"start":{"line":129,"column":19},"end":{"line":129,"column":null}},"46":{"start":{"line":130,"column":2},"end":{"line":130,"column":null}},"47":{"start":{"line":135,"column":2},"end":{"line":135,"column":null}},"48":{"start":{"line":135,"column":39},"end":{"line":135,"column":50}},"49":{"start":{"line":144,"column":2},"end":{"line":144,"column":null}},"50":{"start":{"line":144,"column":19},"end":{"line":144,"column":null}},"51":{"start":{"line":145,"column":2},"end":{"line":145,"column":null}},"52":{"start":{"line":150,"column":2},"end":{"line":150,"column":null}},"53":{"start":{"line":150,"column":14},"end":{"line":150,"column":null}},"54":{"start":{"line":151,"column":15},"end":{"line":151,"column":null}},"55":{"start":{"line":152,"column":16},"end":{"line":152,"column":null}},"56":{"start":{"line":153,"column":2},"end":{"line":153,"column":null}},"57":{"start":{"line":153,"column":45},"end":{"line":153,"column":96}}},"fnMap":{"0":{"name":"aCents","decl":{"start":{"line":21,"column":16},"end":{"line":21,"column":23}},"loc":{"start":{"line":21,"column":45},"end":{"line":23,"column":null}},"line":21},"1":{"name":"aEuros","decl":{"start":{"line":26,"column":16},"end":{"line":26,"column":23}},"loc":{"start":{"line":26,"column":45},"end":{"line":28,"column":null}},"line":26},"2":{"name":"parseImporte","decl":{"start":{"line":45,"column":16},"end":{"line":45,"column":29}},"loc":{"start":{"line":45,"column":58},"end":{"line":88,"column":null}},"line":45},"3":{"name":"formatearEuros","decl":{"start":{"line":108,"column":16},"end":{"line":108,"column":31}},"loc":{"start":{"line":108,"column":71},"end":{"line":111,"column":null}},"line":108},"4":{"name":"formatearConSigno","decl":{"start":{"line":114,"column":16},"end":{"line":114,"column":34}},"loc":{"start":{"line":114,"column":56},"end":{"line":117,"column":null}},"line":114},"5":{"name":"aTextoEditable","decl":{"start":{"line":127,"column":16},"end":{"line":127,"column":31}},"loc":{"start":{"line":127,"column":53},"end":{"line":131,"column":null}},"line":127},"6":{"name":"sumar","decl":{"start":{"line":134,"column":16},"end":{"line":134,"column":22}},"loc":{"start":{"line":134,"column":51},"end":{"line":136,"column":null}},"line":134},"7":{"name":"(anonymous_7)","decl":{"start":{"line":135,"column":18},"end":{"line":135,"column":26}},"loc":{"start":{"line":135,"column":39},"end":{"line":135,"column":50}},"line":135},"8":{"name":"porcentaje","decl":{"start":{"line":143,"column":16},"end":{"line":143,"column":27}},"loc":{"start":{"line":143,"column":70},"end":{"line":146,"column":null}},"line":143},"9":{"name":"repartir","decl":{"start":{"line":149,"column":16},"end":{"line":149,"column":25}},"loc":{"start":{"line":149,"column":59},"end":{"line":154,"column":null}},"line":149},"10":{"name":"(anonymous_10)","decl":{"start":{"line":153,"column":32},"end":{"line":153,"column":36}},"loc":{"start":{"line":153,"column":45},"end":{"line":153,"column":96}},"line":153}},"branchMap":{"0":{"loc":{"start":{"line":46,"column":2},"end":{"line":46,"column":null}},"type":"if","locations":[{"start":{"line":46,"column":2},"end":{"line":46,"column":null}},{"start":{},"end":{}}],"line":46},"1":{"loc":{"start":{"line":49,"column":2},"end":{"line":49,"column":null}},"type":"if","locations":[{"start":{"line":49,"column":2},"end":{"line":49,"column":null}},{"start":{},"end":{}}],"line":49},"2":{"loc":{"start":{"line":52,"column":2},"end":{"line":57,"column":null}},"type":"if","locations":[{"start":{"line":52,"column":2},"end":{"line":57,"column":null}},{"start":{"line":55,"column":9},"end":{"line":57,"column":null}}],"line":52},"3":{"loc":{"start":{"line":55,"column":9},"end":{"line":57,"column":null}},"type":"if","locations":[{"start":{"line":55,"column":9},"end":{"line":57,"column":null}},{"start":{},"end":{}}],"line":55},"4":{"loc":{"start":{"line":59,"column":2},"end":{"line":59,"column":null}},"type":"if","locations":[{"start":{"line":59,"column":2},"end":{"line":59,"column":null}},{"start":{},"end":{}}],"line":59},"5":{"loc":{"start":{"line":62,"column":2},"end":{"line":77,"column":null}},"type":"if","locations":[{"start":{"line":62,"column":2},"end":{"line":77,"column":null}},{"start":{"line":66,"column":9},"end":{"line":77,"column":null}}],"line":62},"6":{"loc":{"start":{"line":64,"column":4},"end":{"line":64,"column":null}},"type":"if","locations":[{"start":{"line":64,"column":4},"end":{"line":64,"column":null}},{"start":{},"end":{}}],"line":64},"7":{"loc":{"start":{"line":64,"column":9},"end":{"line":64,"column":33}},"type":"binary-expr","locations":[{"start":{"line":64,"column":9},"end":{"line":64,"column":31}},{"start":{"line":64,"column":31},"end":{"line":64,"column":33}}],"line":64},"8":{"loc":{"start":{"line":67,"column":20},"end":{"line":67,"column":45}},"type":"binary-expr","locations":[{"start":{"line":67,"column":20},"end":{"line":67,"column":43}},{"start":{"line":67,"column":43},"end":{"line":67,"column":45}}],"line":67},"9":{"loc":{"start":{"line":68,"column":4},"end":{"line":76,"column":null}},"type":"if","locations":[{"start":{"line":68,"column":4},"end":{"line":76,"column":null}},{"start":{"line":70,"column":11},"end":{"line":76,"column":null}}],"line":68},"10":{"loc":{"start":{"line":70,"column":11},"end":{"line":76,"column":null}},"type":"if","locations":[{"start":{"line":70,"column":11},"end":{"line":76,"column":null}},{"start":{"line":72,"column":11},"end":{"line":76,"column":null}}],"line":70},"11":{"loc":{"start":{"line":70,"column":15},"end":{"line":70,"column":58}},"type":"binary-expr","locations":[{"start":{"line":70,"column":15},"end":{"line":70,"column":31}},{"start":{"line":70,"column":31},"end":{"line":70,"column":58}}],"line":70},"12":{"loc":{"start":{"line":74,"column":6},"end":{"line":74,"column":null}},"type":"if","locations":[{"start":{"line":74,"column":6},"end":{"line":74,"column":null}},{"start":{},"end":{}}],"line":74},"13":{"loc":{"start":{"line":79,"column":17},"end":{"line":79,"column":33}},"type":"default-arg","locations":[{"start":{"line":79,"column":27},"end":{"line":79,"column":33}}],"line":79},"14":{"loc":{"start":{"line":80,"column":2},"end":{"line":80,"column":null}},"type":"if","locations":[{"start":{"line":80,"column":2},"end":{"line":80,"column":null}},{"start":{},"end":{}}],"line":80},"15":{"loc":{"start":{"line":80,"column":6},"end":{"line":80,"column":39}},"type":"binary-expr","locations":[{"start":{"line":80,"column":6},"end":{"line":80,"column":23}},{"start":{"line":80,"column":23},"end":{"line":80,"column":39}}],"line":80},"16":{"loc":{"start":{"line":81,"column":2},"end":{"line":81,"column":null}},"type":"if","locations":[{"start":{"line":81,"column":2},"end":{"line":81,"column":null}},{"start":{},"end":{}}],"line":81},"17":{"loc":{"start":{"line":81,"column":6},"end":{"line":81,"column":55}},"type":"binary-expr","locations":[{"start":{"line":81,"column":6},"end":{"line":81,"column":31}},{"start":{"line":81,"column":31},"end":{"line":81,"column":55}}],"line":81},"18":{"loc":{"start":{"line":82,"column":2},"end":{"line":82,"column":null}},"type":"if","locations":[{"start":{"line":82,"column":2},"end":{"line":82,"column":null}},{"start":{},"end":{}}],"line":82},"19":{"loc":{"start":{"line":84,"column":26},"end":{"line":84,"column":39}},"type":"binary-expr","locations":[{"start":{"line":84,"column":26},"end":{"line":84,"column":36}},{"start":{"line":84,"column":36},"end":{"line":84,"column":39}}],"line":84},"20":{"loc":{"start":{"line":84,"column":56},"end":{"line":84,"column":85}},"type":"binary-expr","locations":[{"start":{"line":84,"column":56},"end":{"line":84,"column":82}},{"start":{"line":84,"column":82},"end":{"line":84,"column":85}}],"line":84},"21":{"loc":{"start":{"line":85,"column":2},"end":{"line":85,"column":null}},"type":"if","locations":[{"start":{"line":85,"column":2},"end":{"line":85,"column":null}},{"start":{},"end":{}}],"line":85},"22":{"loc":{"start":{"line":87,"column":9},"end":{"line":87,"column":null}},"type":"cond-expr","locations":[{"start":{"line":87,"column":20},"end":{"line":87,"column":32}},{"start":{"line":87,"column":32},"end":{"line":87,"column":null}}],"line":87},"23":{"loc":{"start":{"line":108,"column":45},"end":{"line":108,"column":71}},"type":"default-arg","locations":[{"start":{"line":108,"column":56},"end":{"line":108,"column":71}}],"line":108},"24":{"loc":{"start":{"line":109,"column":12},"end":{"line":109,"column":null}},"type":"cond-expr","locations":[{"start":{"line":109,"column":23},"end":{"line":109,"column":49}},{"start":{"line":109,"column":49},"end":{"line":109,"column":null}}],"line":109},"25":{"loc":{"start":{"line":115,"column":16},"end":{"line":115,"column":null}},"type":"cond-expr","locations":[{"start":{"line":115,"column":28},"end":{"line":115,"column":34}},{"start":{"line":115,"column":34},"end":{"line":115,"column":null}}],"line":115},"26":{"loc":{"start":{"line":128,"column":16},"end":{"line":128,"column":null}},"type":"cond-expr","locations":[{"start":{"line":128,"column":28},"end":{"line":128,"column":34}},{"start":{"line":128,"column":34},"end":{"line":128,"column":null}}],"line":128},"27":{"loc":{"start":{"line":144,"column":2},"end":{"line":144,"column":null}},"type":"if","locations":[{"start":{"line":144,"column":2},"end":{"line":144,"column":null}},{"start":{},"end":{}}],"line":144},"28":{"loc":{"start":{"line":150,"column":2},"end":{"line":150,"column":null}},"type":"if","locations":[{"start":{"line":150,"column":2},"end":{"line":150,"column":null}},{"start":{},"end":{}}],"line":150},"29":{"loc":{"start":{"line":153,"column":53},"end":{"line":153,"column":96}},"type":"cond-expr","locations":[{"start":{"line":153,"column":75},"end":{"line":153,"column":94}},{"start":{"line":153,"column":94},"end":{"line":153,"column":96}}],"line":153}},"s":{"0":2,"1":7,"2":27,"3":0,"4":27,"5":27,"6":1,"7":26,"8":26,"9":2,"10":2,"11":24,"12":1,"13":26,"14":1,"15":25,"16":20,"17":1,"18":19,"19":5,"20":5,"21":1,"22":4,"23":1,"24":3,"25":1,"26":2,"27":23,"28":23,"29":0,"30":23,"31":0,"32":23,"33":1,"34":22,"35":27,"36":0,"37":22,"38":5,"39":5,"40":7,"41":7,"42":0,"43":0,"44":13,"45":13,"46":13,"47":79,"48":1118,"49":32,"50":4,"51":28,"52":2,"53":0,"54":2,"55":2,"56":2,"57":10},"f":{"0":2,"1":7,"2":27,"3":7,"4":0,"5":13,"6":79,"7":1118,"8":32,"9":2,"10":10},"b":{"0":[0,27],"1":[1,26],"2":[2,24],"3":[1,23],"4":[1,25],"5":[20,5],"6":[1,19],"7":[20,0],"8":[5,1],"9":[1,4],"10":[1,3],"11":[4,2],"12":[1,2],"13":[23],"14":[0,23],"15":[23,0],"16":[0,23],"17":[23,23],"18":[1,22],"19":[22,0],"20":[27,0],"21":[0,27],"22":[2,20],"23":[7],"24":[1,6],"25":[0,0],"26":[2,11],"27":[4,28],"28":[0,2],"29":[3,7]},"meta":{"lastBranch":30,"lastFunction":11,"lastStatement":58,"seen":{"f:21:16:21:23":0,"s:22:2:22:Infinity":0,"f:26:16:26:23":1,"s:27:2:27:Infinity":1,"f:45:16:45:29":2,"b:46:2:46:Infinity:undefined:undefined:undefined:undefined":0,"s:46:2:46:Infinity":2,"s:46:33:46:Infinity":3,"s:48:15:48:Infinity":4,"b:49:2:49:Infinity:undefined:undefined:undefined:undefined":1,"s:49:2:49:Infinity":5,"s:49:21:49:Infinity":6,"s:51:17:51:Infinity":7,"b:52:2:57:Infinity:55:9:57:Infinity":2,"s:52:2:57:Infinity":8,"s:53:4:53:Infinity":9,"s:54:4:54:Infinity":10,"b:55:9:57:Infinity:undefined:undefined:undefined:undefined":3,"s:55:9:57:Infinity":11,"s:56:4:56:Infinity":12,"b:59:2:59:Infinity:undefined:undefined:undefined:undefined":4,"s:59:2:59:Infinity":13,"s:59:33:59:Infinity":14,"b:62:2:77:Infinity:66:9:77:Infinity":5,"s:62:2:77:Infinity":15,"b:64:4:64:Infinity:undefined:undefined:undefined:undefined":6,"s:64:4:64:Infinity":16,"b:64:9:64:31:64:31:64:33":7,"s:64:47:64:Infinity":17,"s:65:4:65:Infinity":18,"s:67:10:67:Infinity":19,"b:67:20:67:43:67:43:67:45":8,"b:68:4:76:Infinity:70:11:76:Infinity":9,"s:68:4:76:Infinity":20,"s:69:6:69:Infinity":21,"b:70:11:76:Infinity:72:11:76:Infinity":10,"s:70:11:76:Infinity":22,"b:70:15:70:31:70:31:70:58":11,"s:71:6:71:Infinity":23,"b:74:6:74:Infinity:undefined:undefined:undefined:undefined":12,"s:74:6:74:Infinity":24,"s:74:47:74:Infinity":25,"s:75:6:75:Infinity":26,"s:79:33:79:Infinity":27,"b:79:27:79:33":13,"b:80:2:80:Infinity:undefined:undefined:undefined:undefined":14,"s:80:2:80:Infinity":28,"b:80:6:80:23:80:23:80:39":15,"s:80:39:80:Infinity":29,"b:81:2:81:Infinity:undefined:undefined:undefined:undefined":16,"s:81:2:81:Infinity":30,"b:81:6:81:31:81:31:81:55":17,"s:81:55:81:Infinity":31,"b:82:2:82:Infinity:undefined:undefined:undefined:undefined":18,"s:82:2:82:Infinity":32,"s:82:26:82:Infinity":33,"s:84:19:84:Infinity":34,"b:84:26:84:36:84:36:84:39":19,"b:84:56:84:82:84:82:84:85":20,"b:85:2:85:Infinity:undefined:undefined:undefined:undefined":21,"s:85:2:85:Infinity":35,"s:85:34:85:Infinity":36,"s:87:2:87:Infinity":37,"b:87:20:87:32:87:32:87:Infinity":22,"s:90:25:93:Infinity":38,"s:95:32:99:Infinity":39,"f:108:16:108:31":3,"b:108:56:108:71":23,"s:109:12:109:Infinity":40,"b:109:23:109:49:109:49:109:Infinity":24,"s:110:2:110:Infinity":41,"f:114:16:114:34":4,"s:115:16:115:Infinity":42,"b:115:28:115:34:115:34:115:Infinity":25,"s:116:2:116:Infinity":43,"f:127:16:127:31":5,"s:128:16:128:Infinity":44,"b:128:28:128:34:128:34:128:Infinity":26,"s:129:19:129:Infinity":45,"s:130:2:130:Infinity":46,"f:134:16:134:22":6,"s:135:2:135:Infinity":47,"f:135:18:135:26":7,"s:135:39:135:50":48,"f:143:16:143:27":8,"b:144:2:144:Infinity:undefined:undefined:undefined:undefined":27,"s:144:2:144:Infinity":49,"s:144:19:144:Infinity":50,"s:145:2:145:Infinity":51,"f:149:16:149:25":9,"b:150:2:150:Infinity:undefined:undefined:undefined:undefined":28,"s:150:2:150:Infinity":52,"s:150:14:150:Infinity":53,"s:151:15:151:Infinity":54,"s:152:16:152:Infinity":55,"s:153:2:153:Infinity":56,"f:153:32:153:36":10,"s:153:45:153:96":57,"b:153:75:153:94:153:94:153:96":29},"fnNames":{}}}
,"/home/user/Finanzas/src/dominio/esquemas.ts": {"path":"/home/user/Finanzas/src/dominio/esquemas.ts","statementMap":{"0":{"start":{"line":13,"column":17},"end":{"line":13,"column":null}},"1":{"start":{"line":14,"column":15},"end":{"line":14,"column":null}},"2":{"start":{"line":17,"column":24},"end":{"line":20,"column":null}},"3":{"start":{"line":23,"column":24},"end":{"line":23,"column":null}},"4":{"start":{"line":25,"column":29},"end":{"line":33,"column":null}},"5":{"start":{"line":35,"column":33},"end":{"line":40,"column":null}},"6":{"start":{"line":42,"column":33},"end":{"line":77,"column":null}},"7":{"start":{"line":56,"column":17},"end":{"line":56,"column":63}},"8":{"start":{"line":60,"column":17},"end":{"line":60,"column":65}},"9":{"start":{"line":66,"column":17},"end":{"line":66,"column":76}},"10":{"start":{"line":70,"column":17},"end":{"line":70,"column":59}},"11":{"start":{"line":74,"column":17},"end":{"line":74,"column":69}},"12":{"start":{"line":79,"column":32},"end":{"line":88,"column":null}},"13":{"start":{"line":90,"column":34},"end":{"line":95,"column":null}},"14":{"start":{"line":97,"column":33},"end":{"line":103,"column":null}},"15":{"start":{"line":105,"column":31},"end":{"line":115,"column":null}},"16":{"start":{"line":117,"column":33},"end":{"line":158,"column":null}},"17":{"start":{"line":135,"column":17},"end":{"line":135,"column":63}},"18":{"start":{"line":139,"column":17},"end":{"line":139,"column":65}},"19":{"start":{"line":143,"column":17},"end":{"line":143,"column":59}},"20":{"start":{"line":147,"column":17},"end":{"line":147,"column":72}},"21":{"start":{"line":151,"column":17},"end":{"line":151,"column":68}},"22":{"start":{"line":155,"column":17},"end":{"line":155,"column":61}},"23":{"start":{"line":160,"column":36},"end":{"line":167,"column":null}},"24":{"start":{"line":169,"column":29},"end":{"line":179,"column":null}},"25":{"start":{"line":182,"column":31},"end":{"line":182,"column":null}},"26":{"start":{"line":184,"column":28},"end":{"line":188,"column":null}}},"fnMap":{"0":{"name":"(anonymous_0)","decl":{"start":{"line":56,"column":3},"end":{"line":56,"column":11}},"loc":{"start":{"line":56,"column":17},"end":{"line":56,"column":63}},"line":56},"1":{"name":"(anonymous_1)","decl":{"start":{"line":60,"column":3},"end":{"line":60,"column":11}},"loc":{"start":{"line":60,"column":17},"end":{"line":60,"column":65}},"line":60},"2":{"name":"(anonymous_2)","decl":{"start":{"line":66,"column":3},"end":{"line":66,"column":11}},"loc":{"start":{"line":66,"column":17},"end":{"line":66,"column":76}},"line":66},"3":{"name":"(anonymous_3)","decl":{"start":{"line":70,"column":3},"end":{"line":70,"column":11}},"loc":{"start":{"line":70,"column":17},"end":{"line":70,"column":59}},"line":70},"4":{"name":"(anonymous_4)","decl":{"start":{"line":74,"column":3},"end":{"line":74,"column":11}},"loc":{"start":{"line":74,"column":17},"end":{"line":74,"column":69}},"line":74},"5":{"name":"(anonymous_5)","decl":{"start":{"line":135,"column":3},"end":{"line":135,"column":11}},"loc":{"start":{"line":135,"column":17},"end":{"line":135,"column":63}},"line":135},"6":{"name":"(anonymous_6)","decl":{"start":{"line":139,"column":3},"end":{"line":139,"column":11}},"loc":{"start":{"line":139,"column":17},"end":{"line":139,"column":65}},"line":139},"7":{"name":"(anonymous_7)","decl":{"start":{"line":143,"column":3},"end":{"line":143,"column":11}},"loc":{"start":{"line":143,"column":17},"end":{"line":143,"column":59}},"line":143},"8":{"name":"(anonymous_8)","decl":{"start":{"line":147,"column":3},"end":{"line":147,"column":11}},"loc":{"start":{"line":147,"column":17},"end":{"line":147,"column":72}},"line":147},"9":{"name":"(anonymous_9)","decl":{"start":{"line":151,"column":3},"end":{"line":151,"column":11}},"loc":{"start":{"line":151,"column":17},"end":{"line":151,"column":68}},"line":151},"10":{"name":"(anonymous_10)","decl":{"start":{"line":155,"column":3},"end":{"line":155,"column":11}},"loc":{"start":{"line":155,"column":17},"end":{"line":155,"column":61}},"line":155}},"branchMap":{"
[...]
8,"column":13}},"loc":{"start":{"line":148,"column":19},"end":{"line":148,"column":50}},"line":148},"24":{"name":"(anonymous_24)","decl":{"start":{"line":149,"column":5},"end":{"line":149,"column":10}},"loc":{"start":{"line":149,"column":16},"end":{"line":153,"column":5}},"line":149}},"branchMap":{"0":{"loc":{"start":{"line":68,"column":2},"end":{"line":70,"column":null}},"type":"if","locations":[{"start":{"line":68,"column":2},"end":{"line":70,"column":null}},{"start":{},"end":{}}],"line":68},"1":{"loc":{"start":{"line":72,"column":2},"end":{"line":74,"column":null}},"type":"if","locations":[{"start":{"line":72,"column":2},"end":{"line":74,"column":null}},{"start":{},"end":{}}],"line":72},"2":{"loc":{"start":{"line":82,"column":19},"end":{"line":82,"column":64}},"type":"binary-expr","locations":[{"start":{"line":82,"column":19},"end":{"line":82,"column":36}},{"start":{"line":82,"column":36},"end":{"line":82,"column":64}}],"line":82},"3":{"loc":{"start":{"line":86,"column":19},"end":{"line":86,"column":64}},"type":"binary-expr","locations":[{"start":{"line":86,"column":19},"end":{"line":86,"column":36}},{"start":{"line":86,"column":36},"end":{"line":86,"column":64}}],"line":86},"4":{"loc":{"start":{"line":108,"column":11},"end":{"line":108,"column":null}},"type":"binary-expr","locations":[{"start":{"line":108,"column":11},"end":{"line":108,"column":38}},{"start":{"line":108,"column":38},"end":{"line":108,"column":null}}],"line":108},"5":{"loc":{"start":{"line":111,"column":2},"end":{"line":116,"column":null}},"type":"if","locations":[{"start":{"line":111,"column":2},"end":{"line":116,"column":null}},{"start":{},"end":{}}],"line":111},"6":{"loc":{"start":{"line":114,"column":43},"end":{"line":114,"column":85}},"type":"cond-expr","locations":[{"start":{"line":114,"column":56},"end":{"line":114,"column":71}},{"start":{"line":114,"column":71},"end":{"line":114,"column":85}}],"line":114},"7":{"loc":{"start":{"line":119,"column":11},"end":{"line":119,"column":null}},"type":"binary-expr","locations":[{"start":{"line":119,"column":11},"end":{"line":119,"column":38}},{"start":{"line":119,"column":38},"end":{"line":119,"column":null}}],"line":119},"8":{"loc":{"start":{"line":121,"column":2},"end":{"line":126,"column":null}},"type":"if","locations":[{"start":{"line":121,"column":2},"end":{"line":126,"column":null}},{"start":{},"end":{}}],"line":121}},"s":{"0":8,"1":3,"2":3,"3":2,"4":3,"5":1,"6":2,"7":5,"8":2,"9":0,"10":2,"11":5,"12":1,"13":2,"14":3,"15":2,"16":2,"17":0,"18":0,"19":2,"20":0,"21":0,"22":3,"23":2,"24":3,"25":2,"26":1,"27":0,"28":1,"29":0,"30":1,"31":0,"32":0,"33":2,"34":4,"35":2,"36":2,"37":3,"38":3,"39":3,"40":3,"41":2},"f":{"0":8,"1":3,"2":3,"3":2,"4":3,"5":5,"6":5,"7":1,"8":3,"9":2,"10":0,"11":0,"12":0,"13":0,"14":3,"15":2,"16":0,"17":0,"18":0,"19":2,"20":4,"21":2,"22":2,"23":3,"24":3},"b":{"0":[1,2],"1":[0,2],"2":[3,3],"3":[0,0],"4":[2,1],"5":[2,1],"6":[2,0],"7":[0,0],"8":[0,1]},"meta":{"lastBranch":9,"lastFunction":25,"lastStatement":42,"seen":{"f:36:16:36:30":0,"s:37:2:37:Infinity":0,"f:47:16:47:33":1,"s:48:2:53:Infinity":1,"f:51:7:51:15":2,"s:51:21:51:52":2,"f:52:7:52:12":3,"s:52:18:52:22":3,"f:63:16:63:Infinity":4,"b:68:2:70:Infinity:undefined:undefined:undefined:undefined":0,"s:68:2:70:Infinity":4,"s:69:4:69:Infinity":5,"s:71:18:71:Infinity":6,"f:71:36:71:42":5,"s:71:48:71:66":7,"b:72:2:74:Infinity:undefined:undefined:undefined:undefined":1,"s:72:2:74:Infinity":8,"s:73:4:73:Infinity":9,"s:76:20:79:Infinity":10,"f:78:25:78:33":6,"s:78:39:78:64":11,"f:78:66:78:71":7,"s:78:77:78:81":12,"s:81:22:83:Infinity":13,"f:82:5:82:13":8,"s:82:19:82:64":14,"b:82:19:82:36:82:36:82:64":2,"f:83:5:83:10":9,"s:83:17:83:50":15,"s:85:22:87:Infinity":16,"f:86:5:86:13":10,"s:86:19:86:64":17,"b:86:19:86:36:86:36:86:64":3,"f:87:5:87:10":11,"s:87:17:87:50":18,"s:89:2:95:Infinity":19,"f:93:38:93:46":12,"s:93:52:93:80":20,"f:93:82:93:87":13,"s:93:93:93:97":21,"f:106:16:106:29":14,"s:107:15:109:Infinity":22,"f:107:34:107:Infinity":15,"s:108:11:108:Infinity":23,"b:108:11:108:38:108:38:108:Infinity":4,"b:111:2:116:Infinity:undefined:undefined:undefined:undefined":5,"s:111:2:116:Infinity":24,"s:112:4:115:Infinity":25,"b:114:56:114:71:114:71:114:85":6,"s:118:22:120:Infinity":26,"f:118:41:118:Infinity":16,"s:119:11:119:Infinity":27,"b:119:11:119:38:119:38:119:Infinity":7,"b:121:2:126:Infinity:undefined:undefined:undefined:undefined":8,"s:121:2:126:Infinity":28,"s:122:4:125:Infinity":29,"s:128:2:128:Infinity":30,"f:128:66:128:74":17,"s:128:80:128:103":31,"f:128:105:128:110":18,"s:128:116:128:120":32,"f:132:16:132:31":19,"s:133:2:136:Infinity":33,"f:135:38:135:46":20,"s:135:52:135:79":34,"f:135:81:135:86":21,"s:135:92:135:96":35,"f:146:16:146:33":22,"s:147:20:153:Infinity":36,"f:148:5:148:13":23,"s:148:19:148:50":37,"f:149:5:149:10":24,"s:150:20:150:Infinity":38,"s:151:6:151:Infinity":39,"s:152:6:152:Infinity":40,"s:155:2:155:Infinity":41},"fnNames":{}}}
,"/home/user/Finanzas/src/dominio/recurrentes.ts": {"path":"/home/user/Finanzas/src/dominio/recurrentes.ts","statementMap":{"0":{"start":{"line":21,"column":20},"end":{"line":21,"column":null}},"1":{"start":{"line":22,"column":2},"end":{"line":22,"column":null}},"2":{"start":{"line":35,"column":2},"end":{"line":35,"column":null}},"3":{"start":{"line":35,"column":21},"end":{"line":35,"column":null}},"4":{"start":{"line":36,"column":29},"end":{"line":36,"column":null}},"5":{"start":{"line":38,"column":2},"end":{"line":50,"column":null}},"6":{"start":{"line":39,"column":21},"end":{"line":39,"column":null}},"7":{"start":{"line":40,"column":17},"end":{"line":40,"column":null}},"8":{"start":{"line":42,"column":4},"end":{"line":44,"column":null}},"9":{"start":{"line":42,"column":17},"end":{"line":42,"column":20}},"10":{"start":{"line":43,"column":6},"end":{"line":43,"column":null}},"11":{"start":{"line":45,"column":4},"end":{"line":48,"column":null}},"12":{"start":{"line":46,"column":6},"end":{"line":46,"column":null}},"13":{"start":{"line":47,"column":6},"end":{"line":47,"column":null}},"14":{"start":{"line":49,"column":4},"end":{"line":49,"column":null}},"15":{"start":{"line":52,"column":14},"end":{"line":52,"column":null}},"16":{"start":{"line":53,"column":15},"end":{"line":53,"column":null}},"17":{"start":{"line":54,"column":20},"end":{"line":54,"column":null}},"18":{"start":{"line":56,"column":12},"end":{"line":56,"column":null}},"19":{"start":{"line":57,"column":19},"end":{"line":57,"column":null}},"20":{"start":{"line":59,"column":2},"end":{"line":79,"column":null}},"21":{"start":{"line":60,"column":30},"end":{"line":60,"column":null}},"22":{"start":{"line":62,"column":15},"end":{"line":62,"column":null}},"23":{"start":{"line":63,"column":4},"end":{"line":69,"column":null}},"24":{"start":{"line":64,"column":6},"end":{"line":64,"column":null}},"25":{"start":{"line":65,"column":11},"end":{"line":69,"column":null}},"26":{"start":{"line":67,"column":8},"end":{"line":67,"column":null}},"27":{"start":{"line":68,"column":6},"end":{"line":68,"column":null}},"28":{"start":{"line":71,"column":4},"end":{"line":76,"column":null}},"29":{"start":{"line":74,"column":16},"end":{"line":74,"column":null}},"30":{"start":{"line":75,"column":6},"end":{"line":75,"column":null}},"31":{"start":{"line":75,"column":36},"end":{"line":75,"column":null}},"32":{"start":{"line":78,"column":4},"end":{"line":78,"column":null}},"33":{"start":{"line":81,"column":2},"end":{"line":81,"column":null}},"34":{"start":{"line":97,"column":36},"end":{"line":97,"column":null}},"35":{"start":{"line":98,"column":52},"end":{"line":98,"column":null}},"36":{"start":{"line":100,"column":2},"end":{"line":127,"column":null}},"37":{"start":{"line":101,"column":4},"end":{"line":101,"column":null}},"38":{"start":{"line":101,"column":19},"end":{"line":101,"column":null}},"39":{"start":{"line":104,"column":27},"end":{"line":104,"column":null}},"40":{"start":{"line":105,"column":18},"end":{"line":105,"column":null}},"41":{"start":{"line":106,"column":18},"end":{"line":106,"column":null}},"42":{"start":{"line":108,"column":19},"end":{"line":108,"column":null}},"43":{"start":{"line":109,"column":4},"end":{"line":109,"column":null}},"44":{"start":{"line":109,"column":29},"end":{"line":109,"column":null}},"45":{"start":{"line":111,"column":4},"end":{"line":124,"column":null}},"46":{"start":{"line":112,"column":6},"end":{"line":123,"column":null}},"47":{"start":{"line":126,"column":4},"end":{"line":126,"column":null}},"48":{"start":{"line":129,"column":2},"end":{"line":129,"column":null}},"49":{"start":{"line":147,"column":16},"end":{"line":147,"column":null}},"50":{"start":{"line":148,"column":40},"end":{"line":148,"column":null}},"51":{"start":{"line":150,"column":2},"end":{"line":157,"column":null}},"52":{"start":{"line":151,"column":4},"end":{"line":151,"column":null}},"53":{"start":{"line":151,"column":19},"end":{"line":151,"column":null}},"54":{"start":{"line":152,"column":18},"end":{"line":152,"column":null}},"55":{"start":{"line":153,"column":19},"end":{"line":153,"column":null}},"56":{"start":{"line":154,"column":4},"end":{"line":156,"column":null}},"57":{"start":{"line":155,"column":6},"end":{"line":155,"column":null}},"58":{"start":{"line":159,"column":2},"end":{"line":159,"column":null}},"59":{"start":{"line":159,"column":33},"end":{"line":159,"column":63}}},"fnMap":{"0":{"name":"diaDeLaSemanaDe","decl":{"start":{"line":20,"column":9},"end":{"line":20,"column":25}},"loc":{"start":{"line":20,"column":46},"end":{"line":23,"column":null}},"line":20},"1":{"name":"ocurrenciasEntre","decl":{"start":{"line":34,"column":16},"end":{"line":34,"column":33}},"loc":{"start":{"line":34,"column":94},"end":{"line":82,"column":null}},"line":34},"2":{"name":"generarPendientes","decl":{"start":{"line":96,"column":16},"end":{"line":96,"column":34}},"loc":{"start":{"line":96,"column":96},"end":{"line":130,"column":null}},"line":96},"3":{"name":"proximasOcurrencias","decl":{"start":{"line":142,"column":16},"end":{"line":142,"column":null}},"loc":{"start":{"line":146,"column":23},"end":{"line":160,"column":null}},"line":146},"4":{"name":"(anonymous_4)","decl":{"start":{"line":159,"column":18},"end":{"line":159,"column":24}},"loc":{"start":{"line":159,"column":33},"end":{"line":159,"column":63}},"line":159}},"branchMap":{"0":{"loc":{"start":{"line":35,"column":2},"end":{"line":35,"column":null}},"type":"if","locations":[{"start":{"line":35,"column":2},"end":{"line":35,"column":null}},{"start":{},"end":{}}],"line":35},"1":{"loc":{"start":{"line":38,"column":2},"end":{"line":50,"column":null}},"type":"if","locations":[{"start":{"line":38,"column":2},"end":{"line":50,"column":null}},{"start":{},"end":{}}],"line":38},"2":{"loc":{"start":{"line":39,"column":21},"end":{"line":39,"column":null}},"type":"binary-expr","locations":[{"start":{"line":39,"column":21},"end":{"line":39,"column":40}},{"start":{"line":39,"column":40},"end":{"line":39,"column":null}}],"line":39},"3":{"loc":{"start":{"line":42,"column":20},"end":{"line":42,"column":67}},"type":"binary-expr","locations":[{"start":{"line":42,"column":20},"end":{"line":42,"column":29}},{"start":{"line":42,"column":29},"end":{"line":42,"column":67}}],"line":42},"4":{"loc":{"start":{"line":52,"column":14},"end":{"line":52,"column":null}},"type":"binary-expr","locations":[{"start":{"line":52,"column":14},"end":{"line":52,"column":29}},{"start":{"line":52,"column":29},"end":{"line":52,"column":null}}],"line":52},"5":{"loc":{"start":{"line":53,"column":15},"end":{"line":53,"column":null}},"type":"cond-expr","locations":[{"start":{"line":53,"column":47},"end":{"line":53,"column":51}},{"start":{"line":53,"column":51},"end":{"line":53,"column":null}}],"line":53},"6":{"loc":{"start":{"line":63,"column":4},"end":{"line":69,"column":null}},"type":"if","locations":[{"start":{"line":63,"column":4},"end":{"line":69,"column":null}},{"start":{"line":65,"column":11},"end":{"line":69,"column":null}}],"line":63},"7":{"loc":{"start":{"line":64,"column":28},"end":{"line":64,"column":null}},"type":"binary-expr","locations":[{"start":{"line":64,"column":28},"end":{"line":64,"column":44}},{"start":{"line":64,"column":44},"end":{"line":64,"column":null}}],"line":64},"8":{"loc":{"start":{"line":65,"column":11},"end":{"line":69,"column":null}},"type":"if","locations":[{"start":{"line":65,"column":11},"end":{"line":69,"column":null}},{"start":{},"end":{}}],"line":65},"9":{"loc":{"start":{"line":71,"column":4},"end":{"line":76,"column":null}},"type":"if","locations":[{"start":{"line":71,"column":4},"end":{"line":76,"column":null}},{"start":{},"end":{}}],"line":71},"10":{"loc":{"start":{"line":75,"column":6},"end":{"line":75,"column":null}},"type":"if","locations":[{"start":{"line":75,"column":6},"end":{"line":75,"column":null}},{"start":{},"end":{}}],"line":75},"11":{"loc":{"start":{"line":75,"column":10},"end":{"line":75,"column":36}},"type":"binary-expr","locations":[{"start":{"line":75,"column":10},"end":{"line":75,"column":24}},{"start":{"line":75,"column":24},"end":{"line":75,"column":36}}],"line":75},"12":{"loc":{"start":{"line":101,"column":4},"end":{"line":101,"column":null}},"type":"if","locations":[{"start":{"line":101,"column":4},"end":{"line":101,"column":null}},{"start":{},"end":{}}],"line":101},"13":{"loc":{"start":{"line":104,"column":27},"end":{"line":104,"column":null}},"type":"cond-expr","locations":[{"start":{"line":104,"column":48},"end":{"line":104,"column":83}},{"start":{"line":104,"column":83},"end":{"line":104,"column":null}}],"line":104},"14":{"loc":{"start":{"line":105,"column":18},"end":{"line":105,"column":null}},"type":"cond-expr","locations":[{"start":{"line":105,"column":51},"end":{"line":105,"column":68}},{"start":{"line":105,"column":68},"end":{"line":105,"column":null}}],"line":105},"15":{"loc":{"start":{"line":106,"column":18},"end":{"line":106,"column":null}},"type":"cond-expr","locations":[{"start":{"line":106,"column":51},"end":{"line":106,"column":64}},{"start":{"line":106,"column":64},"end":{"line":106,"column":null}}],"line":106},"16":{"loc":{"start":{"line":106,"column":18},"end":{"line":106,"column":51}},"type":"binary-expr","locations":[{"start":{"line":106,"column":18},"end":{"line":106,"column":32}},{"start":{"line":106,"column":32},"end":{"line":106,"column":51}}],"line":106},"17":{"loc":{"start":{"line":109,"column":4},"end":{"line":109,"column":null}},"type":"if","locations":[{"start":{"line":109,"column":4},"end":{"line":109,"column":null}},{"start":{},"end":{}}],"line":109},"18":{"loc":{"start":{"line":145,"column":2},"end":{"line":145,"column":null}},"type":"default-arg","locations":[{"start":{"line":145,"column":9},"end":{"line":145,"column":null}}],"line":145},"19":{"loc":{"start":{"line":151,"column":4},"end":{"line":151,"column":null}},"type":"if","locations":[{"start":{"line":151,"column":4},"end":{"line":151,"column":null}},{"start":{},"end":{}}],"line":151},"20":{"loc":{"start":{"line":153,"column":19},"end":{"line":153,"column":null}},"type":"cond-expr","locations":[{"start":{"line":153,"column":54},"end":{"line":153,"column":67}},{"start":{"line":153,"column":67},"end":{"line":153,"column":null}}],"line":153},"21":{"loc":{"start":{"line":153,"column":19},"end":{"line":153,"column":54}},"type":"binary-expr","locations":[{"start":{"line":153,"column":19},"end":{"line":153,"column":33}},{"start":{"line":153,"column":33},"end":{"line":153,"column":54}}],"line":153}},"s":{"0":5,"1":5,"2":28,"3":0,"4":28,"5":28,"6":1,"7":1,"8":1,"9":1,"10":4,"11":1,"12":4,"13":4,"14":1,"15":27,"16":28,"17":28,"18":28,"19":28,"20":28,"21":98,"22":98,"23":98,"24":36,"25":62,"26":12,"27":12,"28":98,"29":57,"30":57,"31":43,"32":98,"33":27,"34":20,"35":20,"36":20,"37":20,"38":1,"39":19,"40":20,"41":20,"42":20,"43":20,"44":11,"45":8,"46":29,"47":8,"48":20,"49":2,"50":2,"51":2,"52":3,"53":0,"54":3,"55":3,"56":3,"57":4,"58":2,"59":3},"f":{"0":5,"1":28,"2":20,"3":2,"4":3},"b":{"0":[0,28],"1":[1,27],"2":[1,0],"3":[1,5],"4":[27,0],"5":[1,26],"6":[36,62],"7":[36,0],"8":[12,50],"9":[57,41],"10":[43,14],"11":[57,46],"12":[1,19],"13":[11,8],"14":[11,8],"15":[1,18],"16":[20,1],"17":[11,9],"18":[2],"19":[0,3],"20":[0,3],"21":[3,0]},"meta":{"lastBranch":22,"lastFunction":5,"lastStatement":60,"seen":{"f:20:9:20:25":0,"s:21:20:21:Infinity":0,"s:22:2:22:Infinity":1,"f:34:16:34:33":1,"b:35:2:35:Infinity:undefined:undefined:undefined:undefined":0,"s:35:2:35:Infinity":2,"s:35:21:35:Infinity":3,"s:36:29:36:Infinity":4,"b:38:2:50:Infinity:undefined:undefined:undefined:undefined":1,"s:38:2:50:Infinity":5,"s:39:21:39:Infinity":6,"b:39:21:39:40:39:40:39:Infinity":2,"s:40:17:40:Infinity":7,"s:42:4:44:Infinity":8,"s:42:17:42:20":9,"b:42:20:42:29:42:29:42:67":3,"s:43:6:43:Infinity":10,"s:45:4:48:Infinity":11,"s:46:6:46:Infinity":12,"s:47:6:47:Infinity":13,"s:49:4:49:Infinity":14,"s:52:14:52:Infinity":15,"b:52:14:52:29:52:29:52:Infinity":4,"s:53:15:53:Infinity":16,"b:53:47:53:51:53:51:53:Infinity":5,"s:54:20:54:Infinity":17,"s:56:12:56:Infinity":18,"s:57:19:57:Infinity":19,"s:59:2:79:Infinity":20,"s:60:30:60:Infinity":21,"s:62:15:62:Infinity":22,"b:63:4:69:Infinity:65:11:69:Infinity":6,"s:63:4:69:Infinity":23,"s:64:6:64:Infinity":24,"b:64:28:64:44:64:44:64:Infinity":7,"b:65:11:69:Infinity:undefined:undefined:undefined:undefined":8,"s:65:11:69:Infinity":25,"s:67:8:67:Infinity":26,"s:68:6:68:Infinity":27,"b:71:4:76:Infinity:undefined:undefined:undefined:undefined":9,"s:71:4:76:Infinity":28,"s:74:16:74:Infinity":29,"b:75:6:75:Infinity:undefined:undefined:undefined:undefined":10,"s:75:6:75:Infinity":30,"b:75:10:75:24:75:24:75:36":11,"s:75:36:75:Infinity":31,"s:78:4:78:Infinity":32,"s:81:2:81:Infinity":33,"f:96:16:96:34":2,"s:97:36:97:Infinity":34,"s:98:52:98:Infinity":35,"s:100:2:127:Infinity":36,"b:101:4:101:Infinity:undefined:undefined:undefined:undefined":12,"s:101:4:101:Infinity":37,"s:101:19:101:Infinity":38,"s:104:27:104:Infinity":39,"b:104:48:104:83:104:83:104:Infinity":13,"s:105:18:105:Infinity":40,"b:105:51:105:68:105:68:105:Infinity":14,"s:106:18:106:Infinity":41,"b:106:51:106:64:106:64:106:Infinity":15,"b:106:18:106:32:106:32:106:51":16,"s:108:19:108:Infinity":42,"b:109:4:109:Infinity:undefined:undefined:undefined:undefined":17,"s:109:4:109:Infinity":43,"s:109:29:109:Infinity":44,"s:111:4:124:Infinity":45,"s:112:6:123:Infinity":46,"s:126:4:126:Infinity":47,"s:129:2:129:Infinity":48,"f:142:16:142:Infinity":3,"b:145:9:145:Infinity":18,"s:147:16:147:Infinity":49,"s:148:40:148:Infinity":50,"s:150:2:157:Infinity":51,"b:151:4:151:Infinity:undefined:undefined:undefined:undefined":19,"s:151:4:151:Infinity":52,"s:151:19:151:Infinity":53,"s:152:18:152:Infinity":54,"s:153:19:153:Infinity":55,"b:153:54:153:67:153:67:153:Infinity":20,"b:153:19:153:33:153:33:153:54":21,"s:154:4:156:Infinity":56,"s:155:6:155:Infinity":57,"s:159:2:159:Infinity":58,"f:159:18:159:24":4,"s:159:33:159:63":59},"fnNames":{}}}
,"/home/user/Finanzas/src/dominio/tipos.ts": {"path":"/home/user/Finanzas/src/dominio/tipos.ts","statementMap":{"0":{"start":{"line":11,"column":28},"end":{"line":17,"column":null}},"1":{"start":{"line":20,"column":32},"end":{"line":24,"column":null}},"2":{"start":{"line":27,"column":27},"end":{"line":32,"column":null}},"3":{"start":{"line":207,"column":2},"end":{"line":207,"column":null}},"4":{"start":{"line":211,"column":2},"end":{"line":226,"column":null}}},"fnMap":{"0":{"name":"nuevoId","decl":{"start":{"line":206,"column":16},"end":{"line":206,"column":34}},"loc":{"start":{"line":206,"column":34},"end":{"line":208,"column":null}},"line":206},"1":{"name":"estadoVacio","decl":{"start":{"line":210,"column":16},"end":{"line":210,"column":46}},"loc":{"start":{"line":210,"column":46},"end":{"line":227,"column":null}},"line":210}},"branchMap":{},"s":{"0":5,"1":5,"2":5,"3":29,"4":93},"f":{"0":29,"1":93},"b":{},"meta":{"lastBranch":0,"lastFunction":2,"lastStatement":5,"seen":{"s:11:28:17:Infinity":0,"s:20:32:24:Infinity":1,"s:27:27:32:Infinity":2,"f:206:16:206:34":0,"s:207:2:207:Infinity":3,"f:210:16:210:46":1,"s:211:2:226:Infinity":4},"fnNames":{}}}
}
